Using pre-set license
Built from '2021.3/release' branch; Version is '2021.3.17f1 (3e8111cac19d) revision 4096273'; Using compiler version '192829333'; Build Type 'Release'
OS: 'Windows 10  (10.0.19045) 64bit Core' Language: 'en' Physical Memory: 24486 MB
BatchMode: 1, IsHumanControllingUs: 0, StartBugReporterOnCrash: 0, Is64bit: 1, IsPro: 1

COMMAND LINE ARGUMENTS:
C:\Program Files\Unity 2021.3.17f1\Editor\Unity.exe
-adb2
-batchMode
-noUpm
-name
AssetImportWorker9
-projectPath
C:/Users/Kevin/Desktop/Projects/ProjectsSemFour/FinalTeamProject2/Forbiden-Diamond-main/Noir Heist
-logFile
Logs/AssetImportWorker9.log
-srvPort
59351
Successfully changed project path to: C:/Users/Kevin/Desktop/Projects/ProjectsSemFour/FinalTeamProject2/Forbiden-Diamond-main/Noir Heist
C:/Users/Kevin/Desktop/Projects/ProjectsSemFour/FinalTeamProject2/Forbiden-Diamond-main/Noir Heist
[UnityMemory] Configuration Parameters - Can be set up in boot.config
    "memorysetup-bucket-allocator-granularity=16"
    "memorysetup-bucket-allocator-bucket-count=8"
    "memorysetup-bucket-allocator-block-size=33554432"
    "memorysetup-bucket-allocator-block-count=8"
    "memorysetup-main-allocator-block-size=16777216"
    "memorysetup-thread-allocator-block-size=16777216"
    "memorysetup-gfx-main-allocator-block-size=16777216"
    "memorysetup-gfx-thread-allocator-block-size=16777216"
    "memorysetup-cache-allocator-block-size=4194304"
    "memorysetup-typetree-allocator-block-size=2097152"
    "memorysetup-profiler-bucket-allocator-granularity=16"
    "memorysetup-profiler-bucket-allocator-bucket-count=8"
    "memorysetup-profiler-bucket-allocator-block-size=33554432"
    "memorysetup-profiler-bucket-allocator-block-count=8"
    "memorysetup-profiler-allocator-block-size=16777216"
    "memorysetup-profiler-editor-allocator-block-size=1048576"
    "memorysetup-temp-allocator-size-main=16777216"
    "memorysetup-job-temp-allocator-block-size=2097152"
    "memorysetup-job-temp-allocator-block-size-background=1048576"
    "memorysetup-job-temp-allocator-reduction-small-platforms=262144"
    "memorysetup-temp-allocator-size-background-worker=32768"
    "memorysetup-temp-allocator-size-job-worker=262144"
    "memorysetup-temp-allocator-size-preload-manager=33554432"
    "memorysetup-temp-allocator-size-nav-mesh-worker=65536"
    "memorysetup-temp-allocator-size-audio-worker=65536"
    "memorysetup-temp-allocator-size-cloud-worker=32768"
    "memorysetup-temp-allocator-size-gi-baking-worker=262144"
    "memorysetup-temp-allocator-size-gfx=262144"
Player connection [23164] Host "[IP] 192.168.1.176 [Port] 0 [Flags] 2 [Guid] 1280003392 [EditorId] 1280003392 [Version] 1048832 [Id] WindowsEditor(7,DESKTOP-SVHJDH1) [Debug] 1 [PackageName] WindowsEditor [ProjectName] Editor" joined multi-casting on [225.0.0.222:54997]...

Player connection [23164] Host "[IP] 192.168.1.176 [Port] 0 [Flags] 2 [Guid] 1280003392 [EditorId] 1280003392 [Version] 1048832 [Id] WindowsEditor(7,DESKTOP-SVHJDH1) [Debug] 1 [PackageName] WindowsEditor [ProjectName] Editor" joined alternative multi-casting on [225.0.0.222:34997]...

Refreshing native plugins compatible for Editor in 96.36 ms, found 3 plugins.
Preloading 0 native plugins for Editor in 0.00 ms.
Initialize engine version: 2021.3.17f1 (3e8111cac19d)
[Subsystems] Discovering subsystems at path C:/Program Files/Unity 2021.3.17f1/Editor/Data/Resources/UnitySubsystems
[Subsystems] Discovering subsystems at path C:/Users/Kevin/Desktop/Projects/ProjectsSemFour/FinalTeamProject2/Forbiden-Diamond-main/Noir Heist/Assets
GfxDevice: creating device client; threaded=0; jobified=0
Direct3D:
    Version:  Direct3D 11.0 [level 11.1]
    Renderer: NVIDIA GeForce RTX 2070 SUPER (ID=0x1e84)
    Vendor:   NVIDIA
    VRAM:     8003 MB
    Driver:   31.0.15.3118
Initialize mono
Mono path[0] = 'C:/Program Files/Unity 2021.3.17f1/Editor/Data/Managed'
Mono path[1] = 'C:/Program Files/Unity 2021.3.17f1/Editor/Data/MonoBleedingEdge/lib/mono/unityjit-win32'
Mono config path = 'C:/Program Files/Unity 2021.3.17f1/Editor/Data/MonoBleedingEdge/etc'
Using monoOptions --debugger-agent=transport=dt_socket,embedding=1,server=y,suspend=n,address=127.0.0.1:56952
Begin MonoManager ReloadAssembly
Registering precompiled unity dll's ...
Register platform support module: C:/Program Files/Unity 2021.3.17f1/Editor/Data/PlaybackEngines/WindowsStandaloneSupport/UnityEditor.WindowsStandalone.Extensions.dll
Registered in 0.005961 seconds.
Native extension for WindowsStandalone target not found
Refreshing native plugins compatible for Editor in 100.62 ms, found 3 plugins.
Preloading 0 native plugins for Editor in 0.00 ms.
Mono: successfully reloaded assembly
- Completed reload, in  0.720 seconds
Domain Reload Profiling:
	ReloadAssembly (722ms)
		BeginReloadAssembly (80ms)
			ExecutionOrderSort (0ms)
			DisableScriptedObjects (0ms)
			BackupInstance (0ms)
			ReleaseScriptingObjects (0ms)
			CreateAndSetChildDomain (1ms)
		EndReloadAssembly (522ms)
			LoadAssemblies (77ms)
			RebuildTransferFunctionScriptingTraits (0ms)
			SetupTypeCache (112ms)
			ReleaseScriptCaches (0ms)
			RebuildScriptCaches (30ms)
			SetupLoadedEditorAssemblies (325ms)
				LogAssemblyErrors (0ms)
				InitializePlatformSupportModulesInManaged (8ms)
				SetLoadedEditorAssemblies (0ms)
				RefreshPlugins (101ms)
				BeforeProcessingInitializeOnLoad (1ms)
				ProcessInitializeOnLoadAttributes (164ms)
				ProcessInitializeOnLoadMethodAttributes (50ms)
				AfterProcessingInitializeOnLoad (0ms)
				EditorAssembliesLoaded (0ms)
			ExecutionOrderSort2 (0ms)
			AwakeInstancesAfterBackupRestoration (0ms)
Platform modules already initialized, skipping
Registering precompiled user dll's ...
Registered in 0.006841 seconds.
Begin MonoManager ReloadAssembly
Symbol file LoadedFromMemory doesn't match image C:\Users\Kevin\Desktop\Projects\ProjectsSemFour\FinalTeamProject2\Forbiden-Diamond-main\Noir Heist\Library\PackageCache\com.unity.visualscripting@1.8.0\Editor\VisualScripting.Core\Dependencies\YamlDotNet\Unity.VisualScripting.YamlDotNet.dll
Symbol file LoadedFromMemory doesn't match image C:\Users\Kevin\Desktop\Projects\ProjectsSemFour\FinalTeamProject2\Forbiden-Diamond-main\Noir Heist\Library\PackageCache\com.unity.visualscripting@1.8.0\Editor\VisualScripting.Core\Dependencies\DotNetZip\Unity.VisualScripting.IonicZip.dll
Native extension for WindowsStandalone target not found
Refreshing native plugins compatible for Editor in 0.69 ms, found 3 plugins.
Preloading 0 native plugins for Editor in 0.00 ms.
Mono: successfully reloaded assembly
- Completed reload, in  1.162 seconds
Domain Reload Profiling:
	ReloadAssembly (1163ms)
		BeginReloadAssembly (122ms)
			ExecutionOrderSort (0ms)
			DisableScriptedObjects (9ms)
			BackupInstance (0ms)
			ReleaseScriptingObjects (0ms)
			CreateAndSetChildDomain (21ms)
		EndReloadAssembly (914ms)
			LoadAssemblies (90ms)
			RebuildTransferFunctionScriptingTraits (0ms)
			SetupTypeCache (304ms)
			ReleaseScriptCaches (1ms)
			RebuildScriptCaches (62ms)
			SetupLoadedEditorAssemblies (415ms)
				LogAssemblyErrors (0ms)
				InitializePlatformSupportModulesInManaged (5ms)
				SetLoadedEditorAssemblies (0ms)
				RefreshPlugins (1ms)
				BeforeProcessingInitializeOnLoad (102ms)
				ProcessInitializeOnLoadAttributes (273ms)
				ProcessInitializeOnLoadMethodAttributes (25ms)
				AfterProcessingInitializeOnLoad (8ms)
				EditorAssembliesLoaded (0ms)
			ExecutionOrderSort2 (0ms)
			AwakeInstancesAfterBackupRestoration (6ms)
Platform modules already initialized, skipping
========================================================================
Worker process is ready to serve import requests
Launched and connected shader compiler UnityShaderCompiler.exe after 0.04 seconds
Refreshing native plugins compatible for Editor in 0.69 ms, found 3 plugins.
Preloading 0 native plugins for Editor in 0.00 ms.
Unloading 3461 Unused Serialized files (Serialized files now loaded: 0)
Unloading 25 unused Assets / (56.8 KB). Loaded Objects now: 3925.
Memory consumption went from 127.8 MB to 127.7 MB.
Total: 3.138800 ms (FindLiveObjects: 0.283800 ms CreateObjectMapping: 0.220600 ms MarkObjects: 2.555800 ms  DeleteObjects: 0.077600 ms)

AssetImportParameters requested are different than current active one (requested -> active):
  custom:video-decoder-ogg-theora: a1e56fd34408186e4bbccfd4996cb3dc -> 
  custom:container-muxer-webm: aa71ff27fc2769a1b78a27578f13a17b -> 
  custom:container-demuxer-webm: 4f35f7cbe854078d1ac9338744f61a02 -> 
  custom:video-encoder-webm-vp8: eb34c28f22e8b96e1ab97ce403110664 -> 
  custom:audio-encoder-webm-vorbis: bf7c407c2cedff20999df2af8eb42d56 -> 
  custom:framework-win-MediaFoundation: 216162199b28c13a410421893ffa2e32 -> 
  custom:container-demuxer-ogg: 62fdf1f143b41e24485cea50d1cbac27 -> 
  custom:video-decoder-webm-vp8: 9c59270c3fd7afecdb556c50c9e8de78 -> 
  custom:audio-decoder-ogg-vorbis: bf7c407c2cedff20999df2af8eb42d56 -> 
========================================================================
Received Import Request.
  Time since last request: 5151.851390 seconds.
  path: Assets/Footsteps - Essentials/Footsteps_Grass/Footsteps_Grass_Jump/Footsteps_Grass_Jump_Land_01.wav
  artifactKey: Guid(6aeefb601c305f64487cebdfacae5b6c) Importer(815301076,1909f56bfc062723c751e8b465ee728b)
Start importing Assets/Footsteps - Essentials/Footsteps_Grass/Footsteps_Grass_Jump/Footsteps_Grass_Jump_Land_01.wav using Guid(6aeefb601c305f64487cebdfacae5b6c) Importer(815301076,1909f56bfc062723c751e8b465ee728b)  -> (artifact id: '587ea95346883775e974de350c42122c') in 0.148995 seconds 
========================================================================
Received Import Request.
  Time since last request: 1.431592 seconds.
  path: Assets/Footsteps - Essentials/Footsteps_Grass/Footsteps_Grass_Jump/Footsteps_Grass_Jump_Start_09.wav
  artifactKey: Guid(0bd6d911a80f46040977198422926d29) Importer(815301076,1909f56bfc062723c751e8b465ee728b)
Start importing Assets/Footsteps - Essentials/Footsteps_Grass/Footsteps_Grass_Jump/Footsteps_Grass_Jump_Start_09.wav using Guid(0bd6d911a80f46040977198422926d29) Importer(815301076,1909f56bfc062723c751e8b465ee728b)  -> (artifact id: 'ae068df7229e22be8f1f4ce52005003f') in 0.019962 seconds 
========================================================================
Received Import Request.
  Time since last request: 0.029053 seconds.
  path: Assets/Footsteps - Essentials/Footsteps_Grass/Footsteps_Grass_Run/Footsteps_Grass_Run_03.wav
  artifactKey: Guid(31be579b280d0bc459635877e8c45aee) Importer(815301076,1909f56bfc062723c751e8b465ee728b)
Start importing Assets/Footsteps - Essentials/Footsteps_Grass/Footsteps_Grass_Run/Footsteps_Grass_Run_03.wav using Guid(31be579b280d0bc459635877e8c45aee) Importer(815301076,1909f56bfc062723c751e8b465ee728b)  -> (artifact id: '768eaa42ee3f61a8e1da212ee309ad45') in 0.020351 seconds 
========================================================================
Received Import Request.
  Time since last request: 0.354757 seconds.
  path: Assets/Footsteps - Essentials/Footsteps_Grass/Footsteps_Grass_Run/Footsteps_Grass_Run_09.wav
  artifactKey: Guid(7a5ff4a806216b14ab9dba35a4fb258c) Importer(815301076,1909f56bfc062723c751e8b465ee728b)
Start importing Assets/Footsteps - Essentials/Footsteps_Grass/Footsteps_Grass_Run/Footsteps_Grass_Run_09.wav using Guid(7a5ff4a806216b14ab9dba35a4fb258c) Importer(815301076,1909f56bfc062723c751e8b465ee728b)  -> (artifact id: '784e456170a4b6897f85d3c405700c55') in 0.018606 seconds 
========================================================================
Received Import Request.
  Time since last request: 0.364955 seconds.
  path: Assets/Footsteps - Essentials/Footsteps_Grass/Footsteps_Grass_Run/Footsteps_Grass_Run_15.wav
  artifactKey: Guid(3ec9ef3892d02044a9d62e412eb45ffb) Importer(815301076,1909f56bfc062723c751e8b465ee728b)
Start importing Assets/Footsteps - Essentials/Footsteps_Grass/Footsteps_Grass_Run/Footsteps_Grass_Run_15.wav using Guid(3ec9ef3892d02044a9d62e412eb45ffb) Importer(815301076,1909f56bfc062723c751e8b465ee728b)  -> (artifact id: 'fadc39d3b5de798a358a869b3e362278') in 0.017377 seconds 
========================================================================
Received Import Request.
  Time since last request: 0.597510 seconds.
  path: Assets/Footsteps - Essentials/Footsteps_Gravel/Footsteps_Gravel_Run/Footsteps_Gravel_Run_05.wav
  artifactKey: Guid(16627ace4424d91498eb01bb4028a449) Importer(815301076,1909f56bfc062723c751e8b465ee728b)
Start importing Assets/Footsteps - Essentials/Footsteps_Gravel/Footsteps_Gravel_Run/Footsteps_Gravel_Run_05.wav using Guid(16627ace4424d91498eb01bb4028a449) Importer(815301076,1909f56bfc062723c751e8b465ee728b)  -> (artifact id: 'e1ec0903fefd58747316ab24b86aa24d') in 0.017600 seconds 
========================================================================
Received Import Request.
  Time since last request: 0.031244 seconds.
  path: Assets/Footsteps - Essentials/Footsteps_Gravel/Footsteps_Gravel_Run/Footsteps_Gravel_Run_09.wav
  artifactKey: Guid(41ba7c338f630f2489bd0273b0573616) Importer(815301076,1909f56bfc062723c751e8b465ee728b)
Start importing Assets/Footsteps - Essentials/Footsteps_Gravel/Footsteps_Gravel_Run/Footsteps_Gravel_Run_09.wav using Guid(41ba7c338f630f2489bd0273b0573616) Importer(815301076,1909f56bfc062723c751e8b465ee728b)  -> (artifact id: 'ba2107fc1296fa5d6f9457275d1c79e6') in 0.019073 seconds 
========================================================================
Received Import Request.
  Time since last request: 0.273716 seconds.
  path: Assets/Footsteps - Essentials/Footsteps_Gravel/Footsteps_Gravel_Walk/Footsteps_Gravel_Walk_05.wav
  artifactKey: Guid(61abfb7bb17151f458862ef823ac0932) Importer(815301076,1909f56bfc062723c751e8b465ee728b)
Start importing Assets/Footsteps - Essentials/Footsteps_Gravel/Footsteps_Gravel_Walk/Footsteps_Gravel_Walk_05.wav using Guid(61abfb7bb17151f458862ef823ac0932) Importer(815301076,1909f56bfc062723c751e8b465ee728b)  -> (artifact id: '3329ff2b616cddda6f5bf4278c8cc5e5') in 0.020943 seconds 
========================================================================
Received Import Request.
  Time since last request: 0.562628 seconds.
  path: Assets/Footsteps - Essentials/Footsteps_Gravel/Footsteps_Gravel_Jump/Footsteps_Jump_Land_03.wav
  artifactKey: Guid(70bfbaaebebfb0d4ba87a5e9947d5ad3) Importer(815301076,1909f56bfc062723c751e8b465ee728b)
Start importing Assets/Footsteps - Essentials/Footsteps_Gravel/Footsteps_Gravel_Jump/Footsteps_Jump_Land_03.wav using Guid(70bfbaaebebfb0d4ba87a5e9947d5ad3) Importer(815301076,1909f56bfc062723c751e8b465ee728b)  -> (artifact id: 'a915b303532c25efc867b21bb69ed02c') in 0.017792 seconds 
========================================================================
Received Import Request.
  Time since last request: 0.027238 seconds.
  path: Assets/Footsteps - Essentials/Footsteps_Leaves/Footsteps_Leaves_Jump/Footsteps_Leaves_Jump_Land_01.wav
  artifactKey: Guid(99c4a3774a894ff41a9f16f21aad34aa) Importer(815301076,1909f56bfc062723c751e8b465ee728b)
Start importing Assets/Footsteps - Essentials/Footsteps_Leaves/Footsteps_Leaves_Jump/Footsteps_Leaves_Jump_Land_01.wav using Guid(99c4a3774a894ff41a9f16f21aad34aa) Importer(815301076,1909f56bfc062723c751e8b465ee728b)  -> (artifact id: '2ce26a17d6cf5626de791329e65bacdc') in 0.019225 seconds 
========================================================================
Received Import Request.
  Time since last request: 1.438126 seconds.
  path: Assets/Footsteps - Essentials/Footsteps_Leaves/Footsteps_Leaves_Walk/Footsteps_Leaves_Walk_05.wav
  artifactKey: Guid(5110f81119d96ea47b2e9a45875c1156) Importer(815301076,1909f56bfc062723c751e8b465ee728b)
Start importing Assets/Footsteps - Essentials/Footsteps_Leaves/Footsteps_Leaves_Walk/Footsteps_Leaves_Walk_05.wav using Guid(5110f81119d96ea47b2e9a45875c1156) Importer(815301076,1909f56bfc062723c751e8b465ee728b)  -> (artifact id: '66787a39016ec946e2f877b4108396e0') in 0.020175 seconds 
========================================================================
Received Import Request.
  Time since last request: 0.993772 seconds.
  path: Assets/Footsteps - Essentials/Footsteps_Metal/Footsteps_Metal_Jump/Footsteps_MetalV1_Jump_Start_03.wav
  artifactKey: Guid(5c39ec0074165fb4eaf789fc68f5379b) Importer(815301076,1909f56bfc062723c751e8b465ee728b)
Start importing Assets/Footsteps - Essentials/Footsteps_Metal/Footsteps_Metal_Jump/Footsteps_MetalV1_Jump_Start_03.wav using Guid(5c39ec0074165fb4eaf789fc68f5379b) Importer(815301076,1909f56bfc062723c751e8b465ee728b)  -> (artifact id: 'd2a9f55c7406e767e7badc22aa0deb77') in 0.019719 seconds 
========================================================================
Received Import Request.
  Time since last request: 0.000020 seconds.
  path: Assets/Footsteps - Essentials/Footsteps_Metal/Footsteps_Metal_Jump/Footsteps_MetalV1_Jump_Start_04.wav
  artifactKey: Guid(c2694fab5eccc4249bd5a2083be61d3e) Importer(815301076,1909f56bfc062723c751e8b465ee728b)
Start importing Assets/Footsteps - Essentials/Footsteps_Metal/Footsteps_Metal_Jump/Footsteps_MetalV1_Jump_Start_04.wav using Guid(c2694fab5eccc4249bd5a2083be61d3e) Importer(815301076,1909f56bfc062723c751e8b465ee728b)  -> (artifact id: '99bd4420b53fdae9c81f2938fec5ab53') in 0.020653 seconds 
========================================================================
Received Import Request.
  Time since last request: 0.007879 seconds.
  path: Assets/Footsteps - Essentials/Footsteps_Metal/Footsteps_Metal_Run/Footsteps_MetalV1_Run_08.wav
  artifactKey: Guid(150e70d1ee30a0547ab9ded90647ad8d) Importer(815301076,1909f56bfc062723c751e8b465ee728b)
Start importing Assets/Footsteps - Essentials/Footsteps_Metal/Footsteps_Metal_Run/Footsteps_MetalV1_Run_08.wav using Guid(150e70d1ee30a0547ab9ded90647ad8d) Importer(815301076,1909f56bfc062723c751e8b465ee728b)  -> (artifact id: '876cf34bf8474d49c57b7bfae9ee4cb5') in 0.023845 seconds 
========================================================================
Received Import Request.
  Time since last request: 0.000018 seconds.
  path: Assets/Footsteps - Essentials/Footsteps_Metal/Footsteps_Metal_Run/Footsteps_MetalV1_Run_12.wav
  artifactKey: Guid(520f55c41638a0d408571ddf515810d0) Importer(815301076,1909f56bfc062723c751e8b465ee728b)
Start importing Assets/Footsteps - Essentials/Footsteps_Metal/Footsteps_Metal_Run/Footsteps_MetalV1_Run_12.wav using Guid(520f55c41638a0d408571ddf515810d0) Importer(815301076,1909f56bfc062723c751e8b465ee728b)  -> (artifact id: 'a20010e1f988cb12fb1ed0e577dc90bd') in 0.021286 seconds 
========================================================================
Received Import Request.
  Time since last request: 0.000018 seconds.
  path: Assets/Footsteps - Essentials/Footsteps_Metal/Footsteps_Metal_Walk/Footsteps_MetalV1_Walk_10.wav
  artifactKey: Guid(cb111f071b2e63844afba5ac99aceb2b) Importer(815301076,1909f56bfc062723c751e8b465ee728b)
Start importing Assets/Footsteps - Essentials/Footsteps_Metal/Footsteps_Metal_Walk/Footsteps_MetalV1_Walk_10.wav using Guid(cb111f071b2e63844afba5ac99aceb2b) Importer(815301076,1909f56bfc062723c751e8b465ee728b)  -> (artifact id: 'b88172e2976e8c303724789431d16e00') in 0.020445 seconds 
========================================================================
Received Import Request.
  Time since last request: 0.000030 seconds.
  path: Assets/Footsteps - Essentials/Footsteps_Metal/Footsteps_Metal_Walk/Footsteps_MetalV1_Walk_15.wav
  artifactKey: Guid(63218441cc62b42499a5df11d6393821) Importer(815301076,1909f56bfc062723c751e8b465ee728b)
Start importing Assets/Footsteps - Essentials/Footsteps_Metal/Footsteps_Metal_Walk/Footsteps_MetalV1_Walk_15.wav using Guid(63218441cc62b42499a5df11d6393821) Importer(815301076,1909f56bfc062723c751e8b465ee728b)  -> (artifact id: '94a6e8d9422282aca9739a2467d64e06') in 0.018331 seconds 
========================================================================
Received Import Request.
  Time since last request: 0.000017 seconds.
  path: Assets/Footsteps - Essentials/Footsteps_Metal/Footsteps_Metal_Run/Footsteps_MetalV2_Run_01.wav
  artifactKey: Guid(3e299b9129329f24692bb63f57f33d19) Importer(815301076,1909f56bfc062723c751e8b465ee728b)
Start importing Assets/Footsteps - Essentials/Footsteps_Metal/Footsteps_Metal_Run/Footsteps_MetalV2_Run_01.wav using Guid(3e299b9129329f24692bb63f57f33d19) Importer(815301076,1909f56bfc062723c751e8b465ee728b)  -> (artifact id: '3729ca7ee2abb5030bc3d267a6a87c94') in 0.023089 seconds 
========================================================================
Received Import Request.
  Time since last request: 0.000029 seconds.
  path: Assets/Footsteps - Essentials/Footsteps_Metal/Footsteps_Metal_Run/Footsteps_MetalV2_Run_10.wav
  artifactKey: Guid(22dffeeb60f8846499a8c08a2c0e6f80) Importer(815301076,1909f56bfc062723c751e8b465ee728b)
Start importing Assets/Footsteps - Essentials/Footsteps_Metal/Footsteps_Metal_Run/Footsteps_MetalV2_Run_10.wav using Guid(22dffeeb60f8846499a8c08a2c0e6f80) Importer(815301076,1909f56bfc062723c751e8b465ee728b)  -> (artifact id: '64670958308dc94a1f3e2c210cfcc510') in 0.031188 seconds 
========================================================================
Received Import Request.
  Time since last request: 0.000058 seconds.
  path: Assets/Footsteps - Essentials/Footsteps_Metal/Footsteps_Metal_Walk/Footsteps_MetalV2_Walk_02.wav
  artifactKey: Guid(4ebaaf27aa23a0446b8fd874d60909e5) Importer(815301076,1909f56bfc062723c751e8b465ee728b)
Start importing Assets/Footsteps - Essentials/Footsteps_Metal/Footsteps_Metal_Walk/Footsteps_MetalV2_Walk_02.wav using Guid(4ebaaf27aa23a0446b8fd874d60909e5) Importer(815301076,1909f56bfc062723c751e8b465ee728b)  -> (artifact id: '73f95abc1ea436c130b090e80a93491c') in 0.022271 seconds 
========================================================================
Received Import Request.
  Time since last request: 0.000041 seconds.
  path: Assets/Footsteps - Essentials/Footsteps_Metal/Footsteps_Metal_Walk/Footsteps_MetalV2_Walk_12.wav
  artifactKey: Guid(6b7628f8c05047a4fbef52fe3ed4729d) Importer(815301076,1909f56bfc062723c751e8b465ee728b)
Start importing Assets/Footsteps - Essentials/Footsteps_Metal/Footsteps_Metal_Walk/Footsteps_MetalV2_Walk_12.wav using Guid(6b7628f8c05047a4fbef52fe3ed4729d) Importer(815301076,1909f56bfc062723c751e8b465ee728b)  -> (artifact id: '06c223fc2c29f4ac8f39452747755422') in 0.022463 seconds 
========================================================================
Received Import Request.
  Time since last request: 0.000048 seconds.
  path: Assets/Footsteps - Essentials/Footsteps_Metal/Footsteps_Metal_Run/Footsteps_MetalV1_Run_10.wav
  artifactKey: Guid(f7c73eb9b5b8af24b87031b591566444) Importer(815301076,1909f56bfc062723c751e8b465ee728b)
Start importing Assets/Footsteps - Essentials/Footsteps_Metal/Footsteps_Metal_Run/Footsteps_MetalV1_Run_10.wav using Guid(f7c73eb9b5b8af24b87031b591566444) Importer(815301076,1909f56bfc062723c751e8b465ee728b)  -> (artifact id: 'dae9c7e8b082c77b19516cc5b6d9e73c') in 0.020515 seconds 
========================================================================
Received Import Request.
  Time since last request: 0.000026 seconds.
  path: Assets/Footsteps - Essentials/Footsteps_Metal/Footsteps_Metal_Jump/Footsteps_MetalV2_Jump_Start_01.wav
  artifactKey: Guid(7f4bb31f06728be4ba0bed5c2641896c) Importer(815301076,1909f56bfc062723c751e8b465ee728b)
Start importing Assets/Footsteps - Essentials/Footsteps_Metal/Footsteps_Metal_Jump/Footsteps_MetalV2_Jump_Start_01.wav using Guid(7f4bb31f06728be4ba0bed5c2641896c) Importer(815301076,1909f56bfc062723c751e8b465ee728b)  -> (artifact id: 'fda3c03ecee377878e073d83f2a40493') in 0.021142 seconds 
========================================================================
Received Import Request.
  Time since last request: 0.000029 seconds.
  path: Assets/Footsteps - Essentials/Footsteps_Metal/Footsteps_Metal_Walk/Footsteps_MetalV2_Walk_06.wav
  artifactKey: Guid(644dc4517bc1c9c40bf1e80d0b048f5b) Importer(815301076,1909f56bfc062723c751e8b465ee728b)
Start importing Assets/Footsteps - Essentials/Footsteps_Metal/Footsteps_Metal_Walk/Footsteps_MetalV2_Walk_06.wav using Guid(644dc4517bc1c9c40bf1e80d0b048f5b) Importer(815301076,1909f56bfc062723c751e8b465ee728b)  -> (artifact id: '60bc63a1f0b6c026613b287a7e44237a') in 0.021199 seconds 
========================================================================
Received Import Request.
  Time since last request: 0.000031 seconds.
  path: Assets/Footsteps - Essentials/Footsteps_Mud/Footsteps_Mud_Run/Footsteps_Mud_Run_01.wav
  artifactKey: Guid(33723cbe063127c4ca08b7f627760f1e) Importer(815301076,1909f56bfc062723c751e8b465ee728b)
Start importing Assets/Footsteps - Essentials/Footsteps_Mud/Footsteps_Mud_Run/Footsteps_Mud_Run_01.wav using Guid(33723cbe063127c4ca08b7f627760f1e) Importer(815301076,1909f56bfc062723c751e8b465ee728b)  -> (artifact id: '6f0e570f956c3f56e4b557d553dbf320') in 0.019093 seconds 
========================================================================
Received Import Request.
  Time since last request: 0.000019 seconds.
  path: Assets/Footsteps - Essentials/Footsteps_Metal/Footsteps_Metal_Walk/Footsteps_MetalV2_Walk_14.wav
  artifactKey: Guid(8a2c7093236272043805ca942d893d01) Importer(815301076,1909f56bfc062723c751e8b465ee728b)
Start importing Assets/Footsteps - Essentials/Footsteps_Metal/Footsteps_Metal_Walk/Footsteps_MetalV2_Walk_14.wav using Guid(8a2c7093236272043805ca942d893d01) Importer(815301076,1909f56bfc062723c751e8b465ee728b)  -> (artifact id: 'c4305273c68cacf8cf5ade16f1dd26ba') in 0.019896 seconds 
========================================================================
Received Import Request.
  Time since last request: 0.000018 seconds.
  path: Assets/Footsteps - Essentials/Footsteps_Metal/Footsteps_Metal_Walk/Footsteps_MetalV1_Walk_12.wav
  artifactKey: Guid(2705e9a452d315940a37bf3403ce5927) Importer(815301076,1909f56bfc062723c751e8b465ee728b)
Start importing Assets/Footsteps - Essentials/Footsteps_Metal/Footsteps_Metal_Walk/Footsteps_MetalV1_Walk_12.wav using Guid(2705e9a452d315940a37bf3403ce5927) Importer(815301076,1909f56bfc062723c751e8b465ee728b)  -> (artifact id: 'fb74f360273ed8df80dcad9924eeac01') in 0.018886 seconds 
========================================================================
Received Import Request.
  Time since last request: 0.000023 seconds.
  path: Assets/Footsteps - Essentials/Footsteps_Metal/Footsteps_Metal_Walk/Footsteps_MetalV2_Walk_13.wav
  artifactKey: Guid(65507879ee055e648b1de3581c284cca) Importer(815301076,1909f56bfc062723c751e8b465ee728b)
Start importing Assets/Footsteps - Essentials/Footsteps_Metal/Footsteps_Metal_Walk/Footsteps_MetalV2_Walk_13.wav using Guid(65507879ee055e648b1de3581c284cca) Importer(815301076,1909f56bfc062723c751e8b465ee728b)  -> (artifact id: 'a26a153ebcec2d33f1379bb3d8c24e6c') in 0.019658 seconds 
========================================================================
Received Import Request.
  Time since last request: 0.000018 seconds.
  path: Assets/Footsteps - Essentials/Footsteps_Metal/Footsteps_Metal_Walk/Footsteps_MetalV1_Walk_02.wav
  artifactKey: Guid(3701a5fdf99882f40bc00eb9053eec92) Importer(815301076,1909f56bfc062723c751e8b465ee728b)
Start importing Assets/Footsteps - Essentials/Footsteps_Metal/Footsteps_Metal_Walk/Footsteps_MetalV1_Walk_02.wav using Guid(3701a5fdf99882f40bc00eb9053eec92) Importer(815301076,1909f56bfc062723c751e8b465ee728b)  -> (artifact id: 'fe46f3399bd74f6dbd3800661b75a8fb') in 0.018792 seconds 
========================================================================
Received Import Request.
  Time since last request: 0.000022 seconds.
  path: Assets/Footsteps - Essentials/Footsteps_Metal/Footsteps_Metal_Walk/Footsteps_MetalV2_Walk_10.wav
  artifactKey: Guid(b6da35e1befe0014da25418951455674) Importer(815301076,1909f56bfc062723c751e8b465ee728b)
Start importing Assets/Footsteps - Essentials/Footsteps_Metal/Footsteps_Metal_Walk/Footsteps_MetalV2_Walk_10.wav using Guid(b6da35e1befe0014da25418951455674) Importer(815301076,1909f56bfc062723c751e8b465ee728b)  -> (artifact id: 'f1cd1e86c8eef1e8b36a0ac77cf03ec2') in 0.018159 seconds 
========================================================================
Received Import Request.
  Time since last request: 0.134309 seconds.
  path: Assets/Footsteps - Essentials/Footsteps_Mud/Footsteps_Mud_Walk/Footsteps_Mud_Walk_01.wav
  artifactKey: Guid(e3edc2a270af5c04886ab9c5fa4fced6) Importer(815301076,1909f56bfc062723c751e8b465ee728b)
Start importing Assets/Footsteps - Essentials/Footsteps_Mud/Footsteps_Mud_Walk/Footsteps_Mud_Walk_01.wav using Guid(e3edc2a270af5c04886ab9c5fa4fced6) Importer(815301076,1909f56bfc062723c751e8b465ee728b)  -> (artifact id: '03223a7f03376daac749432a52b4cf79') in 0.024005 seconds 
========================================================================
Received Import Request.
  Time since last request: 0.033828 seconds.
  path: Assets/Footsteps - Essentials/Footsteps_Mud/Footsteps_Mud_Walk/Footsteps_Mud_Walk_07.wav
  artifactKey: Guid(078fe382794838e43afb6bb0bca6c089) Importer(815301076,1909f56bfc062723c751e8b465ee728b)
Start importing Assets/Footsteps - Essentials/Footsteps_Mud/Footsteps_Mud_Walk/Footsteps_Mud_Walk_07.wav using Guid(078fe382794838e43afb6bb0bca6c089) Importer(815301076,1909f56bfc062723c751e8b465ee728b)  -> (artifact id: '083acee61b44427ef860718060af1781') in 0.022515 seconds 
========================================================================
Received Import Request.
  Time since last request: 0.000023 seconds.
  path: Assets/Footsteps - Essentials/Footsteps_Rock/Footsteps_Rock_Jump/Footsteps_Rock_Jump_Land_05.wav
  artifactKey: Guid(45bc125cb8cb195408490bec63fde615) Importer(815301076,1909f56bfc062723c751e8b465ee728b)
Start importing Assets/Footsteps - Essentials/Footsteps_Rock/Footsteps_Rock_Jump/Footsteps_Rock_Jump_Land_05.wav using Guid(45bc125cb8cb195408490bec63fde615) Importer(815301076,1909f56bfc062723c751e8b465ee728b)  -> (artifact id: '450b45b7d9a236903b5580be7e27f685') in 0.022021 seconds 
========================================================================
Received Import Request.
  Time since last request: 0.000028 seconds.
  path: Assets/Footsteps - Essentials/Footsteps_Rock/Footsteps_Rock_Jump/Footsteps_Rock_Jump_Land_06.wav
  artifactKey: Guid(c2e0d3f88cb48f240af40a1f1bac7e8c) Importer(815301076,1909f56bfc062723c751e8b465ee728b)
Start importing Assets/Footsteps - Essentials/Footsteps_Rock/Footsteps_Rock_Jump/Footsteps_Rock_Jump_Land_06.wav using Guid(c2e0d3f88cb48f240af40a1f1bac7e8c) Importer(815301076,1909f56bfc062723c751e8b465ee728b)  -> (artifact id: '28692474a2fb91b89a589c54487b59b7') in 0.021570 seconds 
========================================================================
Received Import Request.
  Time since last request: 0.000020 seconds.
  path: Assets/Footsteps - Essentials/Footsteps_Rock/Footsteps_Rock_Run/Footsteps_Rock_Run_01.wav
  artifactKey: Guid(ecd647025e0a3c04fbd5829fff509e09) Importer(815301076,1909f56bfc062723c751e8b465ee728b)
Start importing Assets/Footsteps - Essentials/Footsteps_Rock/Footsteps_Rock_Run/Footsteps_Rock_Run_01.wav using Guid(ecd647025e0a3c04fbd5829fff509e09) Importer(815301076,1909f56bfc062723c751e8b465ee728b)  -> (artifact id: 'ea74ddeaa10aead21fe0924e3150539d') in 0.023314 seconds 
========================================================================
Received Import Request.
  Time since last request: 0.000020 seconds.
  path: Assets/Footsteps - Essentials/Footsteps_Mud/Footsteps_Mud_Walk/Footsteps_Mud_Walk_09.wav
  artifactKey: Guid(28b19276079fa4548a5d5a92b6291501) Importer(815301076,1909f56bfc062723c751e8b465ee728b)
Start importing Assets/Footsteps - Essentials/Footsteps_Mud/Footsteps_Mud_Walk/Footsteps_Mud_Walk_09.wav using Guid(28b19276079fa4548a5d5a92b6291501) Importer(815301076,1909f56bfc062723c751e8b465ee728b)  -> (artifact id: '19190cd991ee5982cfe2c628a6740f5f') in 0.021648 seconds 
========================================================================
Received Import Request.
  Time since last request: 0.000030 seconds.
  path: Assets/Footsteps - Essentials/Footsteps_Rock/Footsteps_Rock_Jump/Footsteps_Rock_Jump_Start_03.wav
  artifactKey: Guid(f85e18b3e969dac4bbfc7f6b18139932) Importer(815301076,1909f56bfc062723c751e8b465ee728b)
Start importing Assets/Footsteps - Essentials/Footsteps_Rock/Footsteps_Rock_Jump/Footsteps_Rock_Jump_Start_03.wav using Guid(f85e18b3e969dac4bbfc7f6b18139932) Importer(815301076,1909f56bfc062723c751e8b465ee728b)  -> (artifact id: '462e3abdf813d6112ab9de97839b5697') in 0.018160 seconds 
========================================================================
Received Import Request.
  Time since last request: 0.009891 seconds.
  path: Assets/Footsteps - Essentials/Footsteps_Rock/Footsteps_Rock_Run/Footsteps_Rock_Run_09.wav
  artifactKey: Guid(068414160a0ccf34ca0c11b55d43ffc8) Importer(815301076,1909f56bfc062723c751e8b465ee728b)
Start importing Assets/Footsteps - Essentials/Footsteps_Rock/Footsteps_Rock_Run/Footsteps_Rock_Run_09.wav using Guid(068414160a0ccf34ca0c11b55d43ffc8) Importer(815301076,1909f56bfc062723c751e8b465ee728b)  -> (artifact id: 'ff1fe27e3b891031c7da3f06b274cdd9') in 0.018025 seconds 
========================================================================
Received Import Request.
  Time since last request: 0.018830 seconds.
  path: Assets/Footsteps - Essentials/Footsteps_Rock/Footsteps_Rock_Walk/Footsteps_Rock_Walk_05.wav
  artifactKey: Guid(e3cfcb32689b274419ac73380ea96888) Importer(815301076,1909f56bfc062723c751e8b465ee728b)
Start importing Assets/Footsteps - Essentials/Footsteps_Rock/Footsteps_Rock_Walk/Footsteps_Rock_Walk_05.wav using Guid(e3cfcb32689b274419ac73380ea96888) Importer(815301076,1909f56bfc062723c751e8b465ee728b)  -> (artifact id: 'cf473b24425014036a8e10d9e8bbe81d') in 0.019720 seconds 
========================================================================
Received Import Request.
  Time since last request: 0.017326 seconds.
  path: Assets/Footsteps - Essentials/Footsteps_Rock/Footsteps_Rock_Walk/Footsteps_Rock_Walk_09.wav
  artifactKey: Guid(0bc66974c41ff8c4fa15f46d21ad3548) Importer(815301076,1909f56bfc062723c751e8b465ee728b)
Start importing Assets/Footsteps - Essentials/Footsteps_Rock/Footsteps_Rock_Walk/Footsteps_Rock_Walk_09.wav using Guid(0bc66974c41ff8c4fa15f46d21ad3548) Importer(815301076,1909f56bfc062723c751e8b465ee728b)  -> (artifact id: '9123d699410f09dbfdcde03d9223433e') in 0.020761 seconds 
========================================================================
Received Import Request.
  Time since last request: 0.014615 seconds.
  path: Assets/Footsteps - Essentials/Footsteps_Sand/Footsteps_Sand_Jump/Footsteps_Sand_Jump_Land_04.wav
  artifactKey: Guid(41ec355b830e30e40ac5b45954d91907) Importer(815301076,1909f56bfc062723c751e8b465ee728b)
Start importing Assets/Footsteps - Essentials/Footsteps_Sand/Footsteps_Sand_Jump/Footsteps_Sand_Jump_Land_04.wav using Guid(41ec355b830e30e40ac5b45954d91907) Importer(815301076,1909f56bfc062723c751e8b465ee728b)  -> (artifact id: '9661195df5e8402752b6e113060998f9') in 0.021101 seconds 
========================================================================
Received Import Request.
  Time since last request: 0.000026 seconds.
  path: Assets/Footsteps - Essentials/Footsteps_Sand/Footsteps_Sand_Jump/Footsteps_Sand_Jump_Land_05.wav
  artifactKey: Guid(778bae15671a6c74c93c28c84cae9fe4) Importer(815301076,1909f56bfc062723c751e8b465ee728b)
Start importing Assets/Footsteps - Essentials/Footsteps_Sand/Footsteps_Sand_Jump/Footsteps_Sand_Jump_Land_05.wav using Guid(778bae15671a6c74c93c28c84cae9fe4) Importer(815301076,1909f56bfc062723c751e8b465ee728b)  -> (artifact id: '256c03db95f15c17ae769f046e04542b') in 0.022131 seconds 
========================================================================
Received Import Request.
  Time since last request: 0.000024 seconds.
  path: Assets/Footsteps - Essentials/Footsteps_Sand/Footsteps_Sand_Run/Footsteps_Sand_Run_01.wav
  artifactKey: Guid(82b9e7907a6c3154b86a53c1be46ff71) Importer(815301076,1909f56bfc062723c751e8b465ee728b)
Start importing Assets/Footsteps - Essentials/Footsteps_Sand/Footsteps_Sand_Run/Footsteps_Sand_Run_01.wav using Guid(82b9e7907a6c3154b86a53c1be46ff71) Importer(815301076,1909f56bfc062723c751e8b465ee728b)  -> (artifact id: 'fbb4e88ba58c5e970f18cbbde9f967a3') in 0.019831 seconds 
========================================================================
Received Import Request.
  Time since last request: 0.000032 seconds.
  path: Assets/Footsteps - Essentials/Footsteps_Sand/Footsteps_Sand_Run/Footsteps_Sand_Run_05.wav
  artifactKey: Guid(524ca5d8ba6570f47a403855a9d2cf29) Importer(815301076,1909f56bfc062723c751e8b465ee728b)
Start importing Assets/Footsteps - Essentials/Footsteps_Sand/Footsteps_Sand_Run/Footsteps_Sand_Run_05.wav using Guid(524ca5d8ba6570f47a403855a9d2cf29) Importer(815301076,1909f56bfc062723c751e8b465ee728b)  -> (artifact id: 'b6b507cb5355d32cc69a552eb1e6d07d') in 0.020779 seconds 
========================================================================
Received Import Request.
  Time since last request: 0.000020 seconds.
  path: Assets/Footsteps - Essentials/Footsteps_Sand/Footsteps_Sand_Run/Footsteps_Sand_Run_07.wav
  artifactKey: Guid(4abc431d61ba42a4197ca0aba3bad8d3) Importer(815301076,1909f56bfc062723c751e8b465ee728b)
Start importing Assets/Footsteps - Essentials/Footsteps_Sand/Footsteps_Sand_Run/Footsteps_Sand_Run_07.wav using Guid(4abc431d61ba42a4197ca0aba3bad8d3) Importer(815301076,1909f56bfc062723c751e8b465ee728b)  -> (artifact id: '2abda6880a43f614f854ad9891121471') in 0.021645 seconds 
========================================================================
Received Import Request.
  Time since last request: 0.017061 seconds.
  path: Assets/Footsteps - Essentials/Footsteps_Sand/Footsteps_Sand_Run/Footsteps_Sand_Run_14.wav
  artifactKey: Guid(33d255937ea9cb74dbaf46d7a552672d) Importer(815301076,1909f56bfc062723c751e8b465ee728b)
Start importing Assets/Footsteps - Essentials/Footsteps_Sand/Footsteps_Sand_Run/Footsteps_Sand_Run_14.wav using Guid(33d255937ea9cb74dbaf46d7a552672d) Importer(815301076,1909f56bfc062723c751e8b465ee728b)  -> (artifact id: 'dac83ad10451bfca614c18f2b8cac319') in 0.018908 seconds 
========================================================================
Received Import Request.
  Time since last request: 0.042455 seconds.
  path: Assets/Footsteps - Essentials/Footsteps_Sand/Footsteps_Sand_Run/Footsteps_Sand_Run_20.wav
  artifactKey: Guid(31ce2f4f55b79d743ae941e2bc3a8dfa) Importer(815301076,1909f56bfc062723c751e8b465ee728b)
Start importing Assets/Footsteps - Essentials/Footsteps_Sand/Footsteps_Sand_Run/Footsteps_Sand_Run_20.wav using Guid(31ce2f4f55b79d743ae941e2bc3a8dfa) Importer(815301076,1909f56bfc062723c751e8b465ee728b)  -> (artifact id: '80c1670a9ef284307eea3f6ce710f4f2') in 0.018865 seconds 
========================================================================
Received Import Request.
  Time since last request: 0.000020 seconds.
  path: Assets/Footsteps - Essentials/Footsteps_Sand/Footsteps_Sand_Walk/Footsteps_Sand_Walk_05.wav
  artifactKey: Guid(41b5781294b7da44ebaad3bd7be35926) Importer(815301076,1909f56bfc062723c751e8b465ee728b)
Start importing Assets/Footsteps - Essentials/Footsteps_Sand/Footsteps_Sand_Walk/Footsteps_Sand_Walk_05.wav using Guid(41b5781294b7da44ebaad3bd7be35926) Importer(815301076,1909f56bfc062723c751e8b465ee728b)  -> (artifact id: 'c629cca7b6d1a7c7e5c07f0db55c7e8b') in 0.022591 seconds 
========================================================================
Received Import Request.
  Time since last request: 0.000018 seconds.
  path: Assets/Footsteps - Essentials/Footsteps_Sand/Footsteps_Sand_Walk/Footsteps_Sand_Walk_09.wav
  artifactKey: Guid(1c9813dc085b5374884cf7bcbaa27dca) Importer(815301076,1909f56bfc062723c751e8b465ee728b)
Start importing Assets/Footsteps - Essentials/Footsteps_Sand/Footsteps_Sand_Walk/Footsteps_Sand_Walk_09.wav using Guid(1c9813dc085b5374884cf7bcbaa27dca) Importer(815301076,1909f56bfc062723c751e8b465ee728b)  -> (artifact id: '1293ace8041acf822ea284fe0fd15095') in 0.022576 seconds 
========================================================================
Received Import Request.
  Time since last request: 0.000024 seconds.
  path: Assets/Footsteps - Essentials/Footsteps_Sand/Footsteps_Sand_Walk/Footsteps_Sand_Walk_12.wav
  artifactKey: Guid(fcb08ad9aae12794684aee4e24491861) Importer(815301076,1909f56bfc062723c751e8b465ee728b)
Start importing Assets/Footsteps - Essentials/Footsteps_Sand/Footsteps_Sand_Walk/Footsteps_Sand_Walk_12.wav using Guid(fcb08ad9aae12794684aee4e24491861) Importer(815301076,1909f56bfc062723c751e8b465ee728b)  -> (artifact id: 'b3dccfd0f7883b2b4883bb2ad50a3353') in 0.021885 seconds 
========================================================================
Received Import Request.
  Time since last request: 0.000028 seconds.
  path: Assets/Footsteps - Essentials/Footsteps_Sand/Footsteps_Sand_Walk/Footsteps_Sand_Walk_20.wav
  artifactKey: Guid(39b25c6fb65fbde4f9f3534899953f28) Importer(815301076,1909f56bfc062723c751e8b465ee728b)
Start importing Assets/Footsteps - Essentials/Footsteps_Sand/Footsteps_Sand_Walk/Footsteps_Sand_Walk_20.wav using Guid(39b25c6fb65fbde4f9f3534899953f28) Importer(815301076,1909f56bfc062723c751e8b465ee728b)  -> (artifact id: '5445b297c128e0c2b69da9411403bc4f') in 0.018825 seconds 
========================================================================
Received Import Request.
  Time since last request: 0.000018 seconds.
  path: Assets/Footsteps - Essentials/Footsteps_Snow/Footsteps_Snow_Jump/Footsteps_Snow_Hard_Jump_Land_02.wav
  artifactKey: Guid(63e0175a58364a14d874cf6a4602923b) Importer(815301076,1909f56bfc062723c751e8b465ee728b)
Start importing Assets/Footsteps - Essentials/Footsteps_Snow/Footsteps_Snow_Jump/Footsteps_Snow_Hard_Jump_Land_02.wav using Guid(63e0175a58364a14d874cf6a4602923b) Importer(815301076,1909f56bfc062723c751e8b465ee728b)  -> (artifact id: 'd7f462d1524062de8ddd170a867d1104') in 0.021625 seconds 
========================================================================
Received Import Request.
  Time since last request: 0.000018 seconds.
  path: Assets/Footsteps - Essentials/Footsteps_Sand/Footsteps_Sand_Walk/Footsteps_Sand_Walk_15.wav
  artifactKey: Guid(c895c66a48b24dc459225afaabcb51f9) Importer(815301076,1909f56bfc062723c751e8b465ee728b)
Start importing Assets/Footsteps - Essentials/Footsteps_Sand/Footsteps_Sand_Walk/Footsteps_Sand_Walk_15.wav using Guid(c895c66a48b24dc459225afaabcb51f9) Importer(815301076,1909f56bfc062723c751e8b465ee728b)  -> (artifact id: 'f85c9ac487452f026b54a5b15900f49a') in 0.021938 seconds 
========================================================================
Received Import Request.
  Time since last request: 0.000027 seconds.
  path: Assets/Footsteps - Essentials/Footsteps_Sand/Footsteps_Sand_Walk/Footsteps_Sand_Walk_04.wav
  artifactKey: Guid(6fa9a250bffc6454a840a823ac5ae71d) Importer(815301076,1909f56bfc062723c751e8b465ee728b)
Start importing Assets/Footsteps - Essentials/Footsteps_Sand/Footsteps_Sand_Walk/Footsteps_Sand_Walk_04.wav using Guid(6fa9a250bffc6454a840a823ac5ae71d) Importer(815301076,1909f56bfc062723c751e8b465ee728b)  -> (artifact id: '8ac286e9c98a0c1509dae105dbbd66c7') in 0.022555 seconds 
========================================================================
Received Import Request.
  Time since last request: 0.000034 seconds.
  path: Assets/Footsteps - Essentials/Footsteps_Snow/Footsteps_Snow_Jump/Footsteps_Snow_Hard_Jump_Start_04.wav
  artifactKey: Guid(5dd48630f909c61448c507f21d132af8) Importer(815301076,1909f56bfc062723c751e8b465ee728b)
Start importing Assets/Footsteps - Essentials/Footsteps_Snow/Footsteps_Snow_Jump/Footsteps_Snow_Hard_Jump_Start_04.wav using Guid(5dd48630f909c61448c507f21d132af8) Importer(815301076,1909f56bfc062723c751e8b465ee728b)  -> (artifact id: '87f90cf0adea967d78de0e5416559b32') in 0.022727 seconds 
========================================================================
Received Import Request.
  Time since last request: 0.000019 seconds.
  path: Assets/Footsteps - Essentials/Footsteps_Snow/Footsteps_Snow_Run/Footsteps_Snow_Hard_Run_03.wav
  artifactKey: Guid(6d8cbeae1cc5dcb40bd1064681211059) Importer(815301076,1909f56bfc062723c751e8b465ee728b)
Start importing Assets/Footsteps - Essentials/Footsteps_Snow/Footsteps_Snow_Run/Footsteps_Snow_Hard_Run_03.wav using Guid(6d8cbeae1cc5dcb40bd1064681211059) Importer(815301076,1909f56bfc062723c751e8b465ee728b)  -> (artifact id: 'b31c49e4421eb0e75e6aae14ae6b4303') in 0.021151 seconds 
========================================================================
Received Import Request.
  Time since last request: 0.024033 seconds.
  path: Assets/Footsteps - Essentials/Footsteps_Snow/Footsteps_Snow_Run/Footsteps_Snow_Hard_Run_08.wav
  artifactKey: Guid(6edca185a4d3ba94aa11e1c92af3ca4d) Importer(815301076,1909f56bfc062723c751e8b465ee728b)
Start importing Assets/Footsteps - Essentials/Footsteps_Snow/Footsteps_Snow_Run/Footsteps_Snow_Hard_Run_08.wav using Guid(6edca185a4d3ba94aa11e1c92af3ca4d) Importer(815301076,1909f56bfc062723c751e8b465ee728b)  -> (artifact id: '993362ed09967636ec14c097ddbf80a4') in 0.021184 seconds 
========================================================================
Received Import Request.
  Time since last request: 0.000018 seconds.
  path: Assets/Footsteps - Essentials/Footsteps_Snow/Footsteps_Snow_Walk/Footsteps_Snow_Hard_Walk_01.wav
  artifactKey: Guid(05c42e498b8744744ad3fbf2055f3624) Importer(815301076,1909f56bfc062723c751e8b465ee728b)
Start importing Assets/Footsteps - Essentials/Footsteps_Snow/Footsteps_Snow_Walk/Footsteps_Snow_Hard_Walk_01.wav using Guid(05c42e498b8744744ad3fbf2055f3624) Importer(815301076,1909f56bfc062723c751e8b465ee728b)  -> (artifact id: '3edc0c42509d02c89092030844d4202e') in 0.020109 seconds 
========================================================================
Received Import Request.
  Time since last request: 0.000018 seconds.
  path: Assets/Footsteps - Essentials/Footsteps_Snow/Footsteps_Snow_Run/Footsteps_Snow_Hard_Run_10.wav
  artifactKey: Guid(80dc5f2116a9e924daa171dd5fc9a66c) Importer(815301076,1909f56bfc062723c751e8b465ee728b)
Start importing Assets/Footsteps - Essentials/Footsteps_Snow/Footsteps_Snow_Run/Footsteps_Snow_Hard_Run_10.wav using Guid(80dc5f2116a9e924daa171dd5fc9a66c) Importer(815301076,1909f56bfc062723c751e8b465ee728b)  -> (artifact id: '5390a31b6b4f7e8fab6adc23296881ea') in 0.018973 seconds 
========================================================================
Received Import Request.
  Time since last request: 0.224997 seconds.
  path: Assets/Footsteps - Essentials/Footsteps_Snow/Footsteps_Snow_Jump/Footsteps_Snow_Jump_Land_03.wav
  artifactKey: Guid(5039e24f35fce8b4ea426f1543234bba) Importer(815301076,1909f56bfc062723c751e8b465ee728b)
Start importing Assets/Footsteps - Essentials/Footsteps_Snow/Footsteps_Snow_Jump/Footsteps_Snow_Jump_Land_03.wav using Guid(5039e24f35fce8b4ea426f1543234bba) Importer(815301076,1909f56bfc062723c751e8b465ee728b)  -> (artifact id: '3b070f5065fcd7599c589d5122ce7981') in 0.021466 seconds 
========================================================================
Received Import Request.
  Time since last request: 0.069379 seconds.
  path: Assets/Footsteps - Essentials/Footsteps_Snow/Footsteps_Snow_Jump/Footsteps_Snow_Jump_Start_05.wav
  artifactKey: Guid(8ae7c91bec282be438a3815efac64b89) Importer(815301076,1909f56bfc062723c751e8b465ee728b)
Start importing Assets/Footsteps - Essentials/Footsteps_Snow/Footsteps_Snow_Jump/Footsteps_Snow_Jump_Start_05.wav using Guid(8ae7c91bec282be438a3815efac64b89) Importer(815301076,1909f56bfc062723c751e8b465ee728b)  -> (artifact id: '244d3669d18dc1cc4be71a178aacffb7') in 0.021044 seconds 
========================================================================
Received Import Request.
  Time since last request: 0.000021 seconds.
  path: Assets/Footsteps - Essentials/Footsteps_Snow/Footsteps_Snow_Run/Footsteps_Snow_Run_02.wav
  artifactKey: Guid(4c784f2380314b24a822b2dd4fe062ab) Importer(815301076,1909f56bfc062723c751e8b465ee728b)
Start importing Assets/Footsteps - Essentials/Footsteps_Snow/Footsteps_Snow_Run/Footsteps_Snow_Run_02.wav using Guid(4c784f2380314b24a822b2dd4fe062ab) Importer(815301076,1909f56bfc062723c751e8b465ee728b)  -> (artifact id: 'dd221045a473a1e8134183599aba5ff4') in 0.022164 seconds 
========================================================================
Received Import Request.
  Time since last request: 0.000024 seconds.
  path: Assets/Footsteps - Essentials/Footsteps_Snow/Footsteps_Snow_Jump/Footsteps_Snow_Jump_Start_06.wav
  artifactKey: Guid(1441d087c4f64a345b2c551256245ae8) Importer(815301076,1909f56bfc062723c751e8b465ee728b)
Start importing Assets/Footsteps - Essentials/Footsteps_Snow/Footsteps_Snow_Jump/Footsteps_Snow_Jump_Start_06.wav using Guid(1441d087c4f64a345b2c551256245ae8) Importer(815301076,1909f56bfc062723c751e8b465ee728b)  -> (artifact id: '018b93cb83fb341a604258eebcbf3c10') in 0.023802 seconds 
========================================================================
Received Import Request.
  Time since last request: 0.000024 seconds.
  path: Assets/Footsteps - Essentials/Footsteps_Snow/Footsteps_Snow_Walk/Footsteps_Snow_Walk_02.wav
  artifactKey: Guid(bc42a9fc9dbd95442849a1d0a23dd41e) Importer(815301076,1909f56bfc062723c751e8b465ee728b)
Start importing Assets/Footsteps - Essentials/Footsteps_Snow/Footsteps_Snow_Walk/Footsteps_Snow_Walk_02.wav using Guid(bc42a9fc9dbd95442849a1d0a23dd41e) Importer(815301076,1909f56bfc062723c751e8b465ee728b)  -> (artifact id: '3e5eb431af7993379daddad22e14196f') in 0.022474 seconds 
========================================================================
Received Import Request.
  Time since last request: 0.000019 seconds.
  path: Assets/Footsteps - Essentials/Footsteps_Snow/Footsteps_Snow_Walk/Footsteps_Snow_Walk_08.wav
  artifactKey: Guid(27a83612c761cb54c9eaa211ed9a74f0) Importer(815301076,1909f56bfc062723c751e8b465ee728b)
Start importing Assets/Footsteps - Essentials/Footsteps_Snow/Footsteps_Snow_Walk/Footsteps_Snow_Walk_08.wav using Guid(27a83612c761cb54c9eaa211ed9a74f0) Importer(815301076,1909f56bfc062723c751e8b465ee728b)  -> (artifact id: 'f19f81ac3dffaa9f9b02f94449b1d467') in 0.022650 seconds 
========================================================================
Received Import Request.
  Time since last request: 0.000026 seconds.
  path: Assets/Footsteps - Essentials/Footsteps_Snow/Footsteps_Snow_Walk/Footsteps_Snow_Walk_04.wav
  artifactKey: Guid(120931fb726356346926852e66a98948) Importer(815301076,1909f56bfc062723c751e8b465ee728b)
Start importing Assets/Footsteps - Essentials/Footsteps_Snow/Footsteps_Snow_Walk/Footsteps_Snow_Walk_04.wav using Guid(120931fb726356346926852e66a98948) Importer(815301076,1909f56bfc062723c751e8b465ee728b)  -> (artifact id: '512e518102bcea538242586945861fcd') in 0.023173 seconds 
========================================================================
Received Import Request.
  Time since last request: 2.676952 seconds.
  path: Assets/Footsteps - Essentials/Footsteps_Tile/Footsteps_Tile_Run/Footsteps_Tile_Run_01.wav
  artifactKey: Guid(ffa5441258224694690169f4bd95b969) Importer(815301076,1909f56bfc062723c751e8b465ee728b)
Start importing Assets/Footsteps - Essentials/Footsteps_Tile/Footsteps_Tile_Run/Footsteps_Tile_Run_01.wav using Guid(ffa5441258224694690169f4bd95b969) Importer(815301076,1909f56bfc062723c751e8b465ee728b)  -> (artifact id: '36907d28b3f720bedc801cdd7fba686a') in 0.018782 seconds 
========================================================================
Received Import Request.
  Time since last request: 0.260346 seconds.
  path: Assets/Footsteps - Essentials/Footsteps_Tile/Footsteps_Tile_Walk/Footsteps_Tile_Walk_04.wav
  artifactKey: Guid(6ad0cf00f050bee41a2dee098475dc78) Importer(815301076,1909f56bfc062723c751e8b465ee728b)
Start importing Assets/Footsteps - Essentials/Footsteps_Tile/Footsteps_Tile_Walk/Footsteps_Tile_Walk_04.wav using Guid(6ad0cf00f050bee41a2dee098475dc78) Importer(815301076,1909f56bfc062723c751e8b465ee728b)  -> (artifact id: '4ddbf3d10f580c2f5e4a7bcf7fa6e468') in 0.023051 seconds 
========================================================================
Received Prepare
Registering precompiled user dll's ...
Registered in 0.006398 seconds.
Begin MonoManager ReloadAssembly
Symbol file LoadedFromMemory doesn't match image C:\Users\Kevin\Desktop\Projects\ProjectsSemFour\FinalTeamProject2\Forbiden-Diamond-main\Noir Heist\Library\PackageCache\com.unity.visualscripting@1.8.0\Editor\VisualScripting.Core\Dependencies\YamlDotNet\Unity.VisualScripting.YamlDotNet.dll
Symbol file LoadedFromMemory doesn't match image C:\Users\Kevin\Desktop\Projects\ProjectsSemFour\FinalTeamProject2\Forbiden-Diamond-main\Noir Heist\Library\PackageCache\com.unity.visualscripting@1.8.0\Editor\VisualScripting.Core\Dependencies\DotNetZip\Unity.VisualScripting.IonicZip.dll
Native extension for WindowsStandalone target not found
Refreshing native plugins compatible for Editor in 1.19 ms, found 3 plugins.
Preloading 0 native plugins for Editor in 0.00 ms.
Mono: successfully reloaded assembly
- Completed reload, in  1.106 seconds
Domain Reload Profiling:
	ReloadAssembly (1107ms)
		BeginReloadAssembly (149ms)
			ExecutionOrderSort (0ms)
			DisableScriptedObjects (6ms)
			BackupInstance (0ms)
			ReleaseScriptingObjects (0ms)
			CreateAndSetChildDomain (39ms)
		EndReloadAssembly (849ms)
			LoadAssemblies (92ms)
			RebuildTransferFunctionScriptingTraits (0ms)
			SetupTypeCache (281ms)
			ReleaseScriptCaches (1ms)
			RebuildScriptCaches (47ms)
			SetupLoadedEditorAssemblies (384ms)
				LogAssemblyErrors (0ms)
				InitializePlatformSupportModulesInManaged (14ms)
				SetLoadedEditorAssemblies (1ms)
				RefreshPlugins (1ms)
				BeforeProcessingInitializeOnLoad (80ms)
				ProcessInitializeOnLoadAttributes (249ms)
				ProcessInitializeOnLoadMethodAttributes (29ms)
				AfterProcessingInitializeOnLoad (10ms)
				EditorAssembliesLoaded (0ms)
			ExecutionOrderSort2 (0ms)
			AwakeInstancesAfterBackupRestoration (7ms)
Platform modules already initialized, skipping
Refreshing native plugins compatible for Editor in 3.15 ms, found 3 plugins.
Preloading 0 native plugins for Editor in 0.00 ms.
Unloading 3427 Unused Serialized files (Serialized files now loaded: 0)
Unloading 18 unused Assets / (24.7 KB). Loaded Objects now: 3938.
Memory consumption went from 128.8 MB to 128.8 MB.
Total: 2.853700 ms (FindLiveObjects: 0.288800 ms CreateObjectMapping: 0.183500 ms MarkObjects: 2.354000 ms  DeleteObjects: 0.026300 ms)

AssetImportParameters requested are different than current active one (requested -> active):
  custom:video-decoder-ogg-theora: a1e56fd34408186e4bbccfd4996cb3dc -> 
  custom:container-muxer-webm: aa71ff27fc2769a1b78a27578f13a17b -> 
  custom:container-demuxer-webm: 4f35f7cbe854078d1ac9338744f61a02 -> 
  custom:video-encoder-webm-vp8: eb34c28f22e8b96e1ab97ce403110664 -> 
  custom:audio-encoder-webm-vorbis: bf7c407c2cedff20999df2af8eb42d56 -> 
  custom:framework-win-MediaFoundation: 216162199b28c13a410421893ffa2e32 -> 
  custom:container-demuxer-ogg: 62fdf1f143b41e24485cea50d1cbac27 -> 
  custom:video-decoder-webm-vp8: 9c59270c3fd7afecdb556c50c9e8de78 -> 
  custom:audio-decoder-ogg-vorbis: bf7c407c2cedff20999df2af8eb42d56 -> 
========================================================================
Received Prepare
Registering precompiled user dll's ...
Registered in 0.007071 seconds.
Begin MonoManager ReloadAssembly
Symbol file LoadedFromMemory doesn't match image C:\Users\Kevin\Desktop\Projects\ProjectsSemFour\FinalTeamProject2\Forbiden-Diamond-main\Noir Heist\Library\PackageCache\com.unity.visualscripting@1.8.0\Editor\VisualScripting.Core\Dependencies\YamlDotNet\Unity.VisualScripting.YamlDotNet.dll
Symbol file LoadedFromMemory doesn't match image C:\Users\Kevin\Desktop\Projects\ProjectsSemFour\FinalTeamProject2\Forbiden-Diamond-main\Noir Heist\Library\PackageCache\com.unity.visualscripting@1.8.0\Editor\VisualScripting.Core\Dependencies\DotNetZip\Unity.VisualScripting.IonicZip.dll
Native extension for WindowsStandalone target not found
Refreshing native plugins compatible for Editor in 0.69 ms, found 3 plugins.
Preloading 0 native plugins for Editor in 0.00 ms.
Mono: successfully reloaded assembly
- Completed reload, in  1.090 seconds
Domain Reload Profiling:
	ReloadAssembly (1091ms)
		BeginReloadAssembly (145ms)
			ExecutionOrderSort (0ms)
			DisableScriptedObjects (6ms)
			BackupInstance (0ms)
			ReleaseScriptingObjects (0ms)
			CreateAndSetChildDomain (35ms)
		EndReloadAssembly (841ms)
			LoadAssemblies (94ms)
			RebuildTransferFunctionScriptingTraits (0ms)
			SetupTypeCache (274ms)
			ReleaseScriptCaches (1ms)
			RebuildScriptCaches (44ms)
			SetupLoadedEditorAssemblies (380ms)
				LogAssemblyErrors (0ms)
				InitializePlatformSupportModulesInManaged (15ms)
				SetLoadedEditorAssemblies (0ms)
				RefreshPlugins (1ms)
				BeforeProcessingInitializeOnLoad (77ms)
				ProcessInitializeOnLoadAttributes (250ms)
				ProcessInitializeOnLoadMethodAttributes (28ms)
				AfterProcessingInitializeOnLoad (9ms)
				EditorAssembliesLoaded (0ms)
			ExecutionOrderSort2 (0ms)
			AwakeInstancesAfterBackupRestoration (8ms)
Platform modules already initialized, skipping
Refreshing native plugins compatible for Editor in 2.93 ms, found 3 plugins.
Preloading 0 native plugins for Editor in 0.00 ms.
Unloading 3427 Unused Serialized files (Serialized files now loaded: 0)
Unloading 18 unused Assets / (24.7 KB). Loaded Objects now: 3941.
Memory consumption went from 128.8 MB to 128.8 MB.
Total: 2.836700 ms (FindLiveObjects: 0.288100 ms CreateObjectMapping: 0.180900 ms MarkObjects: 2.344000 ms  DeleteObjects: 0.022600 ms)

AssetImportParameters requested are different than current active one (requested -> active):
  custom:video-decoder-ogg-theora: a1e56fd34408186e4bbccfd4996cb3dc -> 
  custom:container-muxer-webm: aa71ff27fc2769a1b78a27578f13a17b -> 
  custom:container-demuxer-webm: 4f35f7cbe854078d1ac9338744f61a02 -> 
  custom:video-encoder-webm-vp8: eb34c28f22e8b96e1ab97ce403110664 -> 
  custom:audio-encoder-webm-vorbis: bf7c407c2cedff20999df2af8eb42d56 -> 
  custom:framework-win-MediaFoundation: 216162199b28c13a410421893ffa2e32 -> 
  custom:container-demuxer-ogg: 62fdf1f143b41e24485cea50d1cbac27 -> 
  custom:video-decoder-webm-vp8: 9c59270c3fd7afecdb556c50c9e8de78 -> 
  custom:audio-decoder-ogg-vorbis: bf7c407c2cedff20999df2af8eb42d56 -> 
========================================================================
Received Prepare
Registering precompiled user dll's ...
Registered in 0.006287 seconds.
Begin MonoManager ReloadAssembly
Symbol file LoadedFromMemory doesn't match image C:\Users\Kevin\Desktop\Projects\ProjectsSemFour\FinalTeamProject2\Forbiden-Diamond-main\Noir Heist\Library\PackageCache\com.unity.visualscripting@1.8.0\Editor\VisualScripting.Core\Dependencies\YamlDotNet\Unity.VisualScripting.YamlDotNet.dll
Symbol file LoadedFromMemory doesn't match image C:\Users\Kevin\Desktop\Projects\ProjectsSemFour\FinalTeamProject2\Forbiden-Diamond-main\Noir Heist\Library\PackageCache\com.unity.visualscripting@1.8.0\Editor\VisualScripting.Core\Dependencies\DotNetZip\Unity.VisualScripting.IonicZip.dll
Native extension for WindowsStandalone target not found
Refreshing native plugins compatible for Editor in 0.81 ms, found 3 plugins.
Preloading 0 native plugins for Editor in 0.00 ms.
Mono: successfully reloaded assembly
- Completed reload, in  1.133 seconds
Domain Reload Profiling:
	ReloadAssembly (1133ms)
		BeginReloadAssembly (139ms)
			ExecutionOrderSort (0ms)
			DisableScriptedObjects (6ms)
			BackupInstance (0ms)
			ReleaseScriptingObjects (0ms)
			CreateAndSetChildDomain (39ms)
		EndReloadAssembly (888ms)
			LoadAssemblies (84ms)
			RebuildTransferFunctionScriptingTraits (0ms)
			SetupTypeCache (327ms)
			ReleaseScriptCaches (2ms)
			RebuildScriptCaches (51ms)
			SetupLoadedEditorAssemblies (373ms)
				LogAssemblyErrors (0ms)
				InitializePlatformSupportModulesInManaged (13ms)
				SetLoadedEditorAssemblies (1ms)
				RefreshPlugins (1ms)
				BeforeProcessingInitializeOnLoad (80ms)
				ProcessInitializeOnLoadAttributes (244ms)
				ProcessInitializeOnLoadMethodAttributes (26ms)
				AfterProcessingInitializeOnLoad (9ms)
				EditorAssembliesLoaded (0ms)
			ExecutionOrderSort2 (0ms)
			AwakeInstancesAfterBackupRestoration (6ms)
Platform modules already initialized, skipping
Refreshing native plugins compatible for Editor in 2.49 ms, found 3 plugins.
Preloading 0 native plugins for Editor in 0.00 ms.
Unloading 3427 Unused Serialized files (Serialized files now loaded: 0)
Unloading 18 unused Assets / (24.7 KB). Loaded Objects now: 3944.
Memory consumption went from 128.8 MB to 128.8 MB.
Total: 4.153800 ms (FindLiveObjects: 0.288400 ms CreateObjectMapping: 0.233900 ms MarkObjects: 3.573700 ms  DeleteObjects: 0.056300 ms)

AssetImportParameters requested are different than current active one (requested -> active):
  custom:video-decoder-ogg-theora: a1e56fd34408186e4bbccfd4996cb3dc -> 
  custom:container-muxer-webm: aa71ff27fc2769a1b78a27578f13a17b -> 
  custom:container-demuxer-webm: 4f35f7cbe854078d1ac9338744f61a02 -> 
  custom:video-encoder-webm-vp8: eb34c28f22e8b96e1ab97ce403110664 -> 
  custom:audio-encoder-webm-vorbis: bf7c407c2cedff20999df2af8eb42d56 -> 
  custom:framework-win-MediaFoundation: 216162199b28c13a410421893ffa2e32 -> 
  custom:container-demuxer-ogg: 62fdf1f143b41e24485cea50d1cbac27 -> 
  custom:video-decoder-webm-vp8: 9c59270c3fd7afecdb556c50c9e8de78 -> 
  custom:audio-decoder-ogg-vorbis: bf7c407c2cedff20999df2af8eb42d56 -> 
========================================================================
Received Import Request.
  Time since last request: 959.410334 seconds.
  path: Assets/AllSkyFree/Space_AnotherPlanet/AllSky_Space_AnotherPlanet Equirect.mat
  artifactKey: Guid(13f6e5eed33d84c76979f1ec06b5e48c) Importer(815301076,1909f56bfc062723c751e8b465ee728b)
Start importing Assets/AllSkyFree/Space_AnotherPlanet/AllSky_Space_AnotherPlanet Equirect.mat using Guid(13f6e5eed33d84c76979f1ec06b5e48c) Importer(815301076,1909f56bfc062723c751e8b465ee728b)  -> (artifact id: '1d933a6323cdfb64224b9f0f61837f02') in 0.154694 seconds 
========================================================================
Received Import Request.
  Time since last request: 0.000026 seconds.
  path: Assets/Yughues Fabric Materials/Rough string 02/Rough string pattern 02.mat
  artifactKey: Guid(891aeb9941c201a4a82f62d7b1b4e89e) Importer(815301076,1909f56bfc062723c751e8b465ee728b)
Start importing Assets/Yughues Fabric Materials/Rough string 02/Rough string pattern 02.mat using Guid(891aeb9941c201a4a82f62d7b1b4e89e) Importer(815301076,1909f56bfc062723c751e8b465ee728b)  -> (artifact id: 'b5954510bd45d746fd32afa0b2917759') in 0.045064 seconds 
========================================================================
Received Import Request.
  Time since last request: 0.000024 seconds.
  path: Assets/AllSkyFree/Space_AnotherPlanet/Materials/AllSky_Space_AnotherPlanet_Cam_1_Back-Z.mat
  artifactKey: Guid(4c7eb8775399cd6449f7306a0224845d) Importer(815301076,1909f56bfc062723c751e8b465ee728b)
Start importing Assets/AllSkyFree/Space_AnotherPlanet/Materials/AllSky_Space_AnotherPlanet_Cam_1_Back-Z.mat using Guid(4c7eb8775399cd6449f7306a0224845d) Importer(815301076,1909f56bfc062723c751e8b465ee728b)  -> (artifact id: '13ffb017cf05b0037d214aba6c8180d5') in 0.024759 seconds 
========================================================================
Received Import Request.
  Time since last request: 0.000035 seconds.
  path: Assets/AllSkyFree/Space_AnotherPlanet/Materials/AllSky_Space_AnotherPlanet_Cam_5_Down-Y.mat
  artifactKey: Guid(ad04565f950c71c46a4c78d734c840aa) Importer(815301076,1909f56bfc062723c751e8b465ee728b)
Start importing Assets/AllSkyFree/Space_AnotherPlanet/Materials/AllSky_Space_AnotherPlanet_Cam_5_Down-Y.mat using Guid(ad04565f950c71c46a4c78d734c840aa) Importer(815301076,1909f56bfc062723c751e8b465ee728b)  -> (artifact id: '8e18fbff9770ec465aa0baa11efeb38c') in 0.018445 seconds 
========================================================================
Received Import Request.
  Time since last request: 0.000022 seconds.
  path: Assets/Yughues Fabric Materials/Carpet 04/Carpet pattern 04.mat
  artifactKey: Guid(e6be233cbebf7a34bac93c0c86a6dc21) Importer(815301076,1909f56bfc062723c751e8b465ee728b)
Start importing Assets/Yughues Fabric Materials/Carpet 04/Carpet pattern 04.mat using Guid(e6be233cbebf7a34bac93c0c86a6dc21) Importer(815301076,1909f56bfc062723c751e8b465ee728b)  -> (artifact id: '8381d8d6d7d6a6a828eb46f2fd8ccec3') in 0.032307 seconds 
========================================================================
Received Import Request.
  Time since last request: 0.000020 seconds.
  path: Assets/Yughues Fabric Materials/Carpet 07/Carpet pattern 07.mat
  artifactKey: Guid(a21b4e9e8b4786c41bf682397020cf40) Importer(815301076,1909f56bfc062723c751e8b465ee728b)
Start importing Assets/Yughues Fabric Materials/Carpet 07/Carpet pattern 07.mat using Guid(a21b4e9e8b4786c41bf682397020cf40) Importer(815301076,1909f56bfc062723c751e8b465ee728b)  -> (artifact id: '555dccf0e19254deffe58bbfc144d31e') in 0.015586 seconds 
========================================================================
Received Import Request.
  Time since last request: 0.000019 seconds.
  path: Assets/AllSkyFree/Space_AnotherPlanet/AllSky_Space_AnotherPlanet_Cam_5_Down-Y.png
  artifactKey: Guid(3a639720a92414f45b72b16d6db788ce) Importer(815301076,1909f56bfc062723c751e8b465ee728b)
Start importing Assets/AllSkyFree/Space_AnotherPlanet/AllSky_Space_AnotherPlanet_Cam_5_Down-Y.png using Guid(3a639720a92414f45b72b16d6db788ce) Importer(815301076,1909f56bfc062723c751e8b465ee728b)  -> (artifact id: '588181d4ae490aaf8fd3218962e9f772') in 0.027555 seconds 
========================================================================
Received Import Request.
  Time since last request: 0.000020 seconds.
  path: Assets/AllSkyFree/Space_AnotherPlanet/AllSky_Space_AnotherPlanet_Cam_1_Back-Z.png
  artifactKey: Guid(0264465325ebb45239163258479c2a60) Importer(815301076,1909f56bfc062723c751e8b465ee728b)
Start importing Assets/AllSkyFree/Space_AnotherPlanet/AllSky_Space_AnotherPlanet_Cam_1_Back-Z.png using Guid(0264465325ebb45239163258479c2a60) Importer(815301076,1909f56bfc062723c751e8b465ee728b)  -> (artifact id: '86fa6def915252587ea906c12296ec82') in 0.017940 seconds 
========================================================================
Received Import Request.
  Time since last request: 0.000029 seconds.
  path: Assets/AllSkyFree/Space_AnotherPlanet/Materials/AllSky_Space_AnotherPlanet_Cam_3_Right-X.mat
  artifactKey: Guid(664680adcdfc460489188f2fe7265327) Importer(815301076,1909f56bfc062723c751e8b465ee728b)
Start importing Assets/AllSkyFree/Space_AnotherPlanet/Materials/AllSky_Space_AnotherPlanet_Cam_3_Right-X.mat using Guid(664680adcdfc460489188f2fe7265327) Importer(815301076,1909f56bfc062723c751e8b465ee728b)  -> (artifact id: '48eb306841f6eb92703b2199149346c6') in 0.019256 seconds 
========================================================================
Received Import Request.
  Time since last request: 0.000020 seconds.
  path: Assets/AllSkyFree/Space_AnotherPlanet/AllSky_Space_AnotherPlanet_Cam_4_Up+Y.png
  artifactKey: Guid(a6e9f4ff100a94264a812ad74e17416c) Importer(815301076,1909f56bfc062723c751e8b465ee728b)
Start importing Assets/AllSkyFree/Space_AnotherPlanet/AllSky_Space_AnotherPlanet_Cam_4_Up+Y.png using Guid(a6e9f4ff100a94264a812ad74e17416c) Importer(815301076,1909f56bfc062723c751e8b465ee728b)  -> (artifact id: '4d3a939f66239d2bb67ca17098b732a5') in 0.018940 seconds 
========================================================================
Received Import Request.
  Time since last request: 0.000028 seconds.
  path: Assets/Yughues Fabric Materials/Rough string 01/Rough string pattern 01.mat
  artifactKey: Guid(affe8420ea98e6140b81dcb49af842a6) Importer(815301076,1909f56bfc062723c751e8b465ee728b)
Start importing Assets/Yughues Fabric Materials/Rough string 01/Rough string pattern 01.mat using Guid(affe8420ea98e6140b81dcb49af842a6) Importer(815301076,1909f56bfc062723c751e8b465ee728b)  -> (artifact id: '2c70c14a6bb2011277e105b8c91db886') in 0.034953 seconds 
========================================================================
Received Import Request.
  Time since last request: 0.000030 seconds.
  path: Assets/Yughues Fabric Materials/Carpet 05/Carpet pattern 05.mat
  artifactKey: Guid(2ca1fe89708f0cb4dbf18958eca8c1c1) Importer(815301076,1909f56bfc062723c751e8b465ee728b)
Start importing Assets/Yughues Fabric Materials/Carpet 05/Carpet pattern 05.mat using Guid(2ca1fe89708f0cb4dbf18958eca8c1c1) Importer(815301076,1909f56bfc062723c751e8b465ee728b)  -> (artifact id: 'f4d9943f56697eaee6295186eb8728bb') in 0.018931 seconds 
========================================================================
Received Import Request.
  Time since last request: 0.000031 seconds.
  path: Assets/Yughues Fabric Materials/Carpet 02/Carpet pattern 02.mat
  artifactKey: Guid(3c2d4c4bc4b11f949a0322655297235d) Importer(815301076,1909f56bfc062723c751e8b465ee728b)
Start importing Assets/Yughues Fabric Materials/Carpet 02/Carpet pattern 02.mat using Guid(3c2d4c4bc4b11f949a0322655297235d) Importer(815301076,1909f56bfc062723c751e8b465ee728b)  -> (artifact id: 'f2d8374dcd2478b9ae8d0cc3e864796e') in 0.043781 seconds 
========================================================================
Received Import Request.
  Time since last request: 0.000022 seconds.
  path: Assets/AllSkyFree/Space_AnotherPlanet/Materials/AllSky_Space_AnotherPlanet_Cam_0_Front+Z.mat
  artifactKey: Guid(3fc7792a6a3a9ca4992b077ba5795694) Importer(815301076,1909f56bfc062723c751e8b465ee728b)
Start importing Assets/AllSkyFree/Space_AnotherPlanet/Materials/AllSky_Space_AnotherPlanet_Cam_0_Front+Z.mat using Guid(3fc7792a6a3a9ca4992b077ba5795694) Importer(815301076,1909f56bfc062723c751e8b465ee728b)  -> (artifact id: '6e539a090fe68455ef4ec8b34bc0b4fc') in 0.030108 seconds 
========================================================================
Received Import Request.
  Time since last request: 0.000018 seconds.
  path: Assets/AllSkyFree/Space_AnotherPlanet/AllSky_Space_AnotherPlanet_Cam_0_Front+Z.png
  artifactKey: Guid(0b5345cf23ab840779a8cbf1b89f355a) Importer(815301076,1909f56bfc062723c751e8b465ee728b)
Start importing Assets/AllSkyFree/Space_AnotherPlanet/AllSky_Space_AnotherPlanet_Cam_0_Front+Z.png using Guid(0b5345cf23ab840779a8cbf1b89f355a) Importer(815301076,1909f56bfc062723c751e8b465ee728b)  -> (artifact id: '4f4a1c22f02538ee2f1d4abb1edda6e9') in 0.018666 seconds 
========================================================================
Received Import Request.
  Time since last request: 0.000019 seconds.
  path: Assets/AllSkyFree/Space_AnotherPlanet/AllSky_Space_AnotherPlanet_Cam_3_Right-X.png
  artifactKey: Guid(ca9af6b5ce9284592aabb781392ff61e) Importer(815301076,1909f56bfc062723c751e8b465ee728b)
Start importing Assets/AllSkyFree/Space_AnotherPlanet/AllSky_Space_AnotherPlanet_Cam_3_Right-X.png using Guid(ca9af6b5ce9284592aabb781392ff61e) Importer(815301076,1909f56bfc062723c751e8b465ee728b)  -> (artifact id: '8160bf1971cf4fe4c0f64a498a8811f4') in 0.015127 seconds 
========================================================================
Received Import Request.
  Time since last request: 0.000021 seconds.
  path: Assets/AllSkyFree/Space_AnotherPlanet/Materials/AllSky_Space_AnotherPlanet_Cam_4_Up+Y.mat
  artifactKey: Guid(2ff7484d87044f248a43197668ab90bc) Importer(815301076,1909f56bfc062723c751e8b465ee728b)
Start importing Assets/AllSkyFree/Space_AnotherPlanet/Materials/AllSky_Space_AnotherPlanet_Cam_4_Up+Y.mat using Guid(2ff7484d87044f248a43197668ab90bc) Importer(815301076,1909f56bfc062723c751e8b465ee728b)  -> (artifact id: '705b4cdaf5346a733ce263be9b8d6813') in 0.019459 seconds 
========================================================================
Received Import Request.
  Time since last request: 0.000027 seconds.
  path: Assets/Yughues Fabric Materials/Carpet 06/Carpet pattern 06.mat
  artifactKey: Guid(f6fe49df7f74b1b43acbc228092c305f) Importer(815301076,1909f56bfc062723c751e8b465ee728b)
Start importing Assets/Yughues Fabric Materials/Carpet 06/Carpet pattern 06.mat using Guid(f6fe49df7f74b1b43acbc228092c305f) Importer(815301076,1909f56bfc062723c751e8b465ee728b)  -> (artifact id: 'a47e516caad0e8a22ae60d5687892c82') in 0.025167 seconds 
========================================================================
Received Import Request.
  Time since last request: 0.000027 seconds.
  path: Assets/AllSkyFree/Space_AnotherPlanet/AllSky_Space_AnotherPlanet_Cam_2_Left+X.png
  artifactKey: Guid(40cd83628508d406497f3b21ff220644) Importer(815301076,1909f56bfc062723c751e8b465ee728b)
Start importing Assets/AllSkyFree/Space_AnotherPlanet/AllSky_Space_AnotherPlanet_Cam_2_Left+X.png using Guid(40cd83628508d406497f3b21ff220644) Importer(815301076,1909f56bfc062723c751e8b465ee728b)  -> (artifact id: '8774cd147ccd7e0259c00208fe7b37dd') in 0.014506 seconds 
========================================================================
Received Prepare
Registering precompiled user dll's ...
Registered in 0.007872 seconds.
Begin MonoManager ReloadAssembly
Symbol file LoadedFromMemory doesn't match image C:\Users\Kevin\Desktop\Projects\ProjectsSemFour\FinalTeamProject2\Forbiden-Diamond-main\Noir Heist\Library\PackageCache\com.unity.visualscripting@1.8.0\Editor\VisualScripting.Core\Dependencies\YamlDotNet\Unity.VisualScripting.YamlDotNet.dll
Symbol file LoadedFromMemory doesn't match image C:\Users\Kevin\Desktop\Projects\ProjectsSemFour\FinalTeamProject2\Forbiden-Diamond-main\Noir Heist\Library\PackageCache\com.unity.visualscripting@1.8.0\Editor\VisualScripting.Core\Dependencies\DotNetZip\Unity.VisualScripting.IonicZip.dll
Native extension for WindowsStandalone target not found
Refreshing native plugins compatible for Editor in 0.78 ms, found 3 plugins.
Preloading 0 native plugins for Editor in 0.00 ms.
Mono: successfully reloaded assembly
- Completed reload, in  1.209 seconds
Domain Reload Profiling:
	ReloadAssembly (1210ms)
		BeginReloadAssembly (174ms)
			ExecutionOrderSort (0ms)
			DisableScriptedObjects (5ms)
			BackupInstance (0ms)
			ReleaseScriptingObjects (0ms)
			CreateAndSetChildDomain (50ms)
		EndReloadAssembly (895ms)
			LoadAssemblies (119ms)
			RebuildTransferFunctionScriptingTraits (0ms)
			SetupTypeCache (329ms)
			ReleaseScriptCaches (1ms)
			RebuildScriptCaches (43ms)
			SetupLoadedEditorAssemblies (365ms)
				LogAssemblyErrors (0ms)
				InitializePlatformSupportModulesInManaged (13ms)
				SetLoadedEditorAssemblies (1ms)
				RefreshPlugins (1ms)
				BeforeProcessingInitializeOnLoad (79ms)
				ProcessInitializeOnLoadAttributes (236ms)
				ProcessInitializeOnLoadMethodAttributes (26ms)
				AfterProcessingInitializeOnLoad (10ms)
				EditorAssembliesLoaded (0ms)
			ExecutionOrderSort2 (0ms)
			AwakeInstancesAfterBackupRestoration (6ms)
Platform modules already initialized, skipping
Refreshing native plugins compatible for Editor in 3.64 ms, found 3 plugins.
Preloading 0 native plugins for Editor in 0.00 ms.
Unloading 3427 Unused Serialized files (Serialized files now loaded: 0)
Unloading 18 unused Assets / (24.7 KB). Loaded Objects now: 3981.
Memory consumption went from 129.1 MB to 129.1 MB.
Total: 4.434300 ms (FindLiveObjects: 0.402600 ms CreateObjectMapping: 0.291900 ms MarkObjects: 3.705800 ms  DeleteObjects: 0.032300 ms)

AssetImportParameters requested are different than current active one (requested -> active):
  custom:video-decoder-ogg-theora: a1e56fd34408186e4bbccfd4996cb3dc -> 
  custom:container-muxer-webm: aa71ff27fc2769a1b78a27578f13a17b -> 
  custom:container-demuxer-webm: 4f35f7cbe854078d1ac9338744f61a02 -> 
  custom:video-encoder-webm-vp8: eb34c28f22e8b96e1ab97ce403110664 -> 
  custom:audio-encoder-webm-vorbis: bf7c407c2cedff20999df2af8eb42d56 -> 
  custom:framework-win-MediaFoundation: 216162199b28c13a410421893ffa2e32 -> 
  custom:container-demuxer-ogg: 62fdf1f143b41e24485cea50d1cbac27 -> 
  custom:video-decoder-webm-vp8: 9c59270c3fd7afecdb556c50c9e8de78 -> 
  custom:audio-decoder-ogg-vorbis: bf7c407c2cedff20999df2af8eb42d56 -> 
========================================================================
Received Prepare
Registering precompiled user dll's ...
Registered in 0.007533 seconds.
Begin MonoManager ReloadAssembly
Symbol file LoadedFromMemory doesn't match image C:\Users\Kevin\Desktop\Projects\ProjectsSemFour\FinalTeamProject2\Forbiden-Diamond-main\Noir Heist\Library\PackageCache\com.unity.visualscripting@1.8.0\Editor\VisualScripting.Core\Dependencies\YamlDotNet\Unity.VisualScripting.YamlDotNet.dll
Symbol file LoadedFromMemory doesn't match image C:\Users\Kevin\Desktop\Projects\ProjectsSemFour\FinalTeamProject2\Forbiden-Diamond-main\Noir Heist\Library\PackageCache\com.unity.visualscripting@1.8.0\Editor\VisualScripting.Core\Dependencies\DotNetZip\Unity.VisualScripting.IonicZip.dll
Native extension for WindowsStandalone target not found
Refreshing native plugins compatible for Editor in 1.10 ms, found 3 plugins.
Preloading 0 native plugins for Editor in 0.00 ms.
Mono: successfully reloaded assembly
- Completed reload, in  1.261 seconds
Domain Reload Profiling:
	ReloadAssembly (1262ms)
		BeginReloadAssembly (168ms)
			ExecutionOrderSort (0ms)
			DisableScriptedObjects (8ms)
			BackupInstance (0ms)
			ReleaseScriptingObjects (0ms)
			CreateAndSetChildDomain (48ms)
		EndReloadAssembly (976ms)
			LoadAssemblies (98ms)
			RebuildTransferFunctionScriptingTraits (0ms)
			SetupTypeCache (320ms)
			ReleaseScriptCaches (2ms)
			RebuildScriptCaches (52ms)
			SetupLoadedEditorAssemblies (444ms)
				LogAssemblyErrors (0ms)
				InitializePlatformSupportModulesInManaged (14ms)
				SetLoadedEditorAssemblies (1ms)
				RefreshPlugins (1ms)
				BeforeProcessingInitializeOnLoad (94ms)
				ProcessInitializeOnLoadAttributes (290ms)
				ProcessInitializeOnLoadMethodAttributes (32ms)
				AfterProcessingInitializeOnLoad (11ms)
				EditorAssembliesLoaded (0ms)
			ExecutionOrderSort2 (0ms)
			AwakeInstancesAfterBackupRestoration (7ms)
Platform modules already initialized, skipping
Refreshing native plugins compatible for Editor in 3.91 ms, found 3 plugins.
Preloading 0 native plugins for Editor in 0.00 ms.
Unloading 3427 Unused Serialized files (Serialized files now loaded: 0)
Unloading 18 unused Assets / (24.7 KB). Loaded Objects now: 3984.
Memory consumption went from 129.1 MB to 129.1 MB.
Total: 6.007000 ms (FindLiveObjects: 0.453000 ms CreateObjectMapping: 0.376800 ms MarkObjects: 5.101800 ms  DeleteObjects: 0.074100 ms)

AssetImportParameters requested are different than current active one (requested -> active):
  custom:video-decoder-ogg-theora: a1e56fd34408186e4bbccfd4996cb3dc -> 
  custom:container-muxer-webm: aa71ff27fc2769a1b78a27578f13a17b -> 
  custom:container-demuxer-webm: 4f35f7cbe854078d1ac9338744f61a02 -> 
  custom:video-encoder-webm-vp8: eb34c28f22e8b96e1ab97ce403110664 -> 
  custom:audio-encoder-webm-vorbis: bf7c407c2cedff20999df2af8eb42d56 -> 
  custom:framework-win-MediaFoundation: 216162199b28c13a410421893ffa2e32 -> 
  custom:container-demuxer-ogg: 62fdf1f143b41e24485cea50d1cbac27 -> 
  custom:video-decoder-webm-vp8: 9c59270c3fd7afecdb556c50c9e8de78 -> 
  custom:audio-decoder-ogg-vorbis: bf7c407c2cedff20999df2af8eb42d56 -> 
Editor requested this worker to shutdown with reason: Scaling down because of idle timeout
AssetImportWorker is now disconnected from the server
Process exiting
Exiting without the bug reporter. Application will terminate with return code 0