Using pre-set license
Built from '2021.3/release' branch; Version is '2021.3.17f1 (3e8111cac19d) revision 4096273'; Using compiler version '192829333'; Build Type 'Release'
OS: 'Windows 10  (10.0.19045) 64bit Core' Language: 'en' Physical Memory: 24486 MB
BatchMode: 1, IsHumanControllingUs: 0, StartBugReporterOnCrash: 0, Is64bit: 1, IsPro: 1

COMMAND LINE ARGUMENTS:
C:\Program Files\Unity 2021.3.17f1\Editor\Unity.exe
-adb2
-batchMode
-noUpm
-name
AssetImportWorker10
-projectPath
C:/Users/Kevin/Desktop/Projects/ProjectsSemFour/FinalTeamProject2/Forbiden-Diamond-main/Noir Heist
-logFile
Logs/AssetImportWorker10.log
-srvPort
59351
Successfully changed project path to: C:/Users/Kevin/Desktop/Projects/ProjectsSemFour/FinalTeamProject2/Forbiden-Diamond-main/Noir Heist
C:/Users/Kevin/Desktop/Projects/ProjectsSemFour/FinalTeamProject2/Forbiden-Diamond-main/Noir Heist
[UnityMemory] Configuration Parameters - Can be set up in boot.config
    "memorysetup-bucket-allocator-granularity=16"
    "memorysetup-bucket-allocator-bucket-count=8"
    "memorysetup-bucket-allocator-block-size=33554432"
    "memorysetup-bucket-allocator-block-count=8"
    "memorysetup-main-allocator-block-size=16777216"
    "memorysetup-thread-allocator-block-size=16777216"
    "memorysetup-gfx-main-allocator-block-size=16777216"
    "memorysetup-gfx-thread-allocator-block-size=16777216"
    "memorysetup-cache-allocator-block-size=4194304"
    "memorysetup-typetree-allocator-block-size=2097152"
    "memorysetup-profiler-bucket-allocator-granularity=16"
    "memorysetup-profiler-bucket-allocator-bucket-count=8"
    "memorysetup-profiler-bucket-allocator-block-size=33554432"
    "memorysetup-profiler-bucket-allocator-block-count=8"
    "memorysetup-profiler-allocator-block-size=16777216"
    "memorysetup-profiler-editor-allocator-block-size=1048576"
    "memorysetup-temp-allocator-size-main=16777216"
    "memorysetup-job-temp-allocator-block-size=2097152"
    "memorysetup-job-temp-allocator-block-size-background=1048576"
    "memorysetup-job-temp-allocator-reduction-small-platforms=262144"
    "memorysetup-temp-allocator-size-background-worker=32768"
    "memorysetup-temp-allocator-size-job-worker=262144"
    "memorysetup-temp-allocator-size-preload-manager=33554432"
    "memorysetup-temp-allocator-size-nav-mesh-worker=65536"
    "memorysetup-temp-allocator-size-audio-worker=65536"
    "memorysetup-temp-allocator-size-cloud-worker=32768"
    "memorysetup-temp-allocator-size-gi-baking-worker=262144"
    "memorysetup-temp-allocator-size-gfx=262144"
Player connection [23340] Host "[IP] 192.168.1.176 [Port] 0 [Flags] 2 [Guid] 104409461 [EditorId] 104409461 [Version] 1048832 [Id] WindowsEditor(7,DESKTOP-SVHJDH1) [Debug] 1 [PackageName] WindowsEditor [ProjectName] Editor" joined multi-casting on [225.0.0.222:54997]...

Player connection [23340] Host "[IP] 192.168.1.176 [Port] 0 [Flags] 2 [Guid] 104409461 [EditorId] 104409461 [Version] 1048832 [Id] WindowsEditor(7,DESKTOP-SVHJDH1) [Debug] 1 [PackageName] WindowsEditor [ProjectName] Editor" joined alternative multi-casting on [225.0.0.222:34997]...

Refreshing native plugins compatible for Editor in 94.91 ms, found 3 plugins.
Preloading 0 native plugins for Editor in 0.00 ms.
Initialize engine version: 2021.3.17f1 (3e8111cac19d)
[Subsystems] Discovering subsystems at path C:/Program Files/Unity 2021.3.17f1/Editor/Data/Resources/UnitySubsystems
[Subsystems] Discovering subsystems at path C:/Users/Kevin/Desktop/Projects/ProjectsSemFour/FinalTeamProject2/Forbiden-Diamond-main/Noir Heist/Assets
GfxDevice: creating device client; threaded=0; jobified=0
Direct3D:
    Version:  Direct3D 11.0 [level 11.1]
    Renderer: NVIDIA GeForce RTX 2070 SUPER (ID=0x1e84)
    Vendor:   NVIDIA
    VRAM:     8003 MB
    Driver:   31.0.15.3118
Initialize mono
Mono path[0] = 'C:/Program Files/Unity 2021.3.17f1/Editor/Data/Managed'
Mono path[1] = 'C:/Program Files/Unity 2021.3.17f1/Editor/Data/MonoBleedingEdge/lib/mono/unityjit-win32'
Mono config path = 'C:/Program Files/Unity 2021.3.17f1/Editor/Data/MonoBleedingEdge/etc'
Using monoOptions --debugger-agent=transport=dt_socket,embedding=1,server=y,suspend=n,address=127.0.0.1:56600
Begin MonoManager ReloadAssembly
Registering precompiled unity dll's ...
Register platform support module: C:/Program Files/Unity 2021.3.17f1/Editor/Data/PlaybackEngines/WindowsStandaloneSupport/UnityEditor.WindowsStandalone.Extensions.dll
Registered in 0.005502 seconds.
Native extension for WindowsStandalone target not found
Refreshing native plugins compatible for Editor in 96.21 ms, found 3 plugins.
Preloading 0 native plugins for Editor in 0.00 ms.
Mono: successfully reloaded assembly
- Completed reload, in  0.701 seconds
Domain Reload Profiling:
	ReloadAssembly (703ms)
		BeginReloadAssembly (75ms)
			ExecutionOrderSort (0ms)
			DisableScriptedObjects (0ms)
			BackupInstance (0ms)
			ReleaseScriptingObjects (0ms)
			CreateAndSetChildDomain (1ms)
		EndReloadAssembly (509ms)
			LoadAssemblies (72ms)
			RebuildTransferFunctionScriptingTraits (0ms)
			SetupTypeCache (108ms)
			ReleaseScriptCaches (0ms)
			RebuildScriptCaches (29ms)
			SetupLoadedEditorAssemblies (317ms)
				LogAssemblyErrors (0ms)
				InitializePlatformSupportModulesInManaged (8ms)
				SetLoadedEditorAssemblies (0ms)
				RefreshPlugins (96ms)
				BeforeProcessingInitializeOnLoad (1ms)
				ProcessInitializeOnLoadAttributes (159ms)
				ProcessInitializeOnLoadMethodAttributes (52ms)
				AfterProcessingInitializeOnLoad (0ms)
				EditorAssembliesLoaded (0ms)
			ExecutionOrderSort2 (0ms)
			AwakeInstancesAfterBackupRestoration (0ms)
Platform modules already initialized, skipping
Registering precompiled user dll's ...
Registered in 0.006912 seconds.
Begin MonoManager ReloadAssembly
Symbol file LoadedFromMemory doesn't match image C:\Users\Kevin\Desktop\Projects\ProjectsSemFour\FinalTeamProject2\Forbiden-Diamond-main\Noir Heist\Library\PackageCache\com.unity.visualscripting@1.8.0\Editor\VisualScripting.Core\Dependencies\YamlDotNet\Unity.VisualScripting.YamlDotNet.dll
Symbol file LoadedFromMemory doesn't match image C:\Users\Kevin\Desktop\Projects\ProjectsSemFour\FinalTeamProject2\Forbiden-Diamond-main\Noir Heist\Library\PackageCache\com.unity.visualscripting@1.8.0\Editor\VisualScripting.Core\Dependencies\DotNetZip\Unity.VisualScripting.IonicZip.dll
Native extension for WindowsStandalone target not found
Refreshing native plugins compatible for Editor in 0.63 ms, found 3 plugins.
Preloading 0 native plugins for Editor in 0.00 ms.
Mono: successfully reloaded assembly
- Completed reload, in  1.162 seconds
Domain Reload Profiling:
	ReloadAssembly (1163ms)
		BeginReloadAssembly (116ms)
			ExecutionOrderSort (0ms)
			DisableScriptedObjects (6ms)
			BackupInstance (0ms)
			ReleaseScriptingObjects (0ms)
			CreateAndSetChildDomain (19ms)
		EndReloadAssembly (910ms)
			LoadAssemblies (87ms)
			RebuildTransferFunctionScriptingTraits (0ms)
			SetupTypeCache (311ms)
			ReleaseScriptCaches (1ms)
			RebuildScriptCaches (57ms)
			SetupLoadedEditorAssemblies (416ms)
				LogAssemblyErrors (0ms)
				InitializePlatformSupportModulesInManaged (5ms)
				SetLoadedEditorAssemblies (0ms)
				RefreshPlugins (1ms)
				BeforeProcessingInitializeOnLoad (104ms)
				ProcessInitializeOnLoadAttributes (270ms)
				ProcessInitializeOnLoadMethodAttributes (26ms)
				AfterProcessingInitializeOnLoad (8ms)
				EditorAssembliesLoaded (0ms)
			ExecutionOrderSort2 (0ms)
			AwakeInstancesAfterBackupRestoration (6ms)
Platform modules already initialized, skipping
========================================================================
Worker process is ready to serve import requests
Launched and connected shader compiler UnityShaderCompiler.exe after 0.04 seconds
Refreshing native plugins compatible for Editor in 0.70 ms, found 3 plugins.
Preloading 0 native plugins for Editor in 0.00 ms.
Unloading 3461 Unused Serialized files (Serialized files now loaded: 0)
Unloading 25 unused Assets / (56.8 KB). Loaded Objects now: 3925.
Memory consumption went from 127.8 MB to 127.7 MB.
Total: 3.254800 ms (FindLiveObjects: 0.290400 ms CreateObjectMapping: 0.210200 ms MarkObjects: 2.668900 ms  DeleteObjects: 0.084100 ms)

AssetImportParameters requested are different than current active one (requested -> active):
  custom:video-decoder-ogg-theora: a1e56fd34408186e4bbccfd4996cb3dc -> 
  custom:container-muxer-webm: aa71ff27fc2769a1b78a27578f13a17b -> 
  custom:container-demuxer-webm: 4f35f7cbe854078d1ac9338744f61a02 -> 
  custom:video-encoder-webm-vp8: eb34c28f22e8b96e1ab97ce403110664 -> 
  custom:audio-encoder-webm-vorbis: bf7c407c2cedff20999df2af8eb42d56 -> 
  custom:framework-win-MediaFoundation: 216162199b28c13a410421893ffa2e32 -> 
  custom:container-demuxer-ogg: 62fdf1f143b41e24485cea50d1cbac27 -> 
  custom:video-decoder-webm-vp8: 9c59270c3fd7afecdb556c50c9e8de78 -> 
  custom:audio-decoder-ogg-vorbis: bf7c407c2cedff20999df2af8eb42d56 -> 
========================================================================
Received Import Request.
  Time since last request: 5151.851043 seconds.
  path: Assets/Footsteps - Essentials/Footsteps_DirtyGround/Footsteps_DirtyGround_Walk/Footsteps_DirtyGround_Walk_10.wav
  artifactKey: Guid(3d132da7af60f1145a3deb6a8bc42a08) Importer(815301076,1909f56bfc062723c751e8b465ee728b)
Start importing Assets/Footsteps - Essentials/Footsteps_DirtyGround/Footsteps_DirtyGround_Walk/Footsteps_DirtyGround_Walk_10.wav using Guid(3d132da7af60f1145a3deb6a8bc42a08) Importer(815301076,1909f56bfc062723c751e8b465ee728b)  -> (artifact id: '35ca90d0996eecf4fb616fa776c0d8e8') in 0.149738 seconds 
========================================================================
Received Import Request.
  Time since last request: 1.431161 seconds.
  path: Assets/Footsteps - Essentials/Footsteps_Grass/Footsteps_Grass_Jump/Footsteps_Grass_Jump_Start_08.wav
  artifactKey: Guid(b04465ceef591864badb1aa5c65ee644) Importer(815301076,1909f56bfc062723c751e8b465ee728b)
Start importing Assets/Footsteps - Essentials/Footsteps_Grass/Footsteps_Grass_Jump/Footsteps_Grass_Jump_Start_08.wav using Guid(b04465ceef591864badb1aa5c65ee644) Importer(815301076,1909f56bfc062723c751e8b465ee728b)  -> (artifact id: '5481b8f7867203fd400593e21557343c') in 0.020504 seconds 
========================================================================
Received Import Request.
  Time since last request: 0.028238 seconds.
  path: Assets/Footsteps - Essentials/Footsteps_Grass/Footsteps_Grass_Run/Footsteps_Grass_Run_02.wav
  artifactKey: Guid(1d7e7e6569aab5a45a837f470eaddc8b) Importer(815301076,1909f56bfc062723c751e8b465ee728b)
Start importing Assets/Footsteps - Essentials/Footsteps_Grass/Footsteps_Grass_Run/Footsteps_Grass_Run_02.wav using Guid(1d7e7e6569aab5a45a837f470eaddc8b) Importer(815301076,1909f56bfc062723c751e8b465ee728b)  -> (artifact id: '91f7a0e04bde9f65c9e9b64939302965') in 0.019660 seconds 
========================================================================
Received Import Request.
  Time since last request: 0.356111 seconds.
  path: Assets/Footsteps - Essentials/Footsteps_Grass/Footsteps_Grass_Run/Footsteps_Grass_Run_08.wav
  artifactKey: Guid(161d5a427e88d594f9906708ccdc5663) Importer(815301076,1909f56bfc062723c751e8b465ee728b)
Start importing Assets/Footsteps - Essentials/Footsteps_Grass/Footsteps_Grass_Run/Footsteps_Grass_Run_08.wav using Guid(161d5a427e88d594f9906708ccdc5663) Importer(815301076,1909f56bfc062723c751e8b465ee728b)  -> (artifact id: 'e0c53849e6a54705a445239f3b4dc40e') in 0.018940 seconds 
========================================================================
Received Import Request.
  Time since last request: 0.364407 seconds.
  path: Assets/Footsteps - Essentials/Footsteps_Grass/Footsteps_Grass_Run/Footsteps_Grass_Run_14.wav
  artifactKey: Guid(b04914b5801123b4dafba88cbcb5bc74) Importer(815301076,1909f56bfc062723c751e8b465ee728b)
Start importing Assets/Footsteps - Essentials/Footsteps_Grass/Footsteps_Grass_Run/Footsteps_Grass_Run_14.wav using Guid(b04914b5801123b4dafba88cbcb5bc74) Importer(815301076,1909f56bfc062723c751e8b465ee728b)  -> (artifact id: '463e50d582e52c57c718b0d1e477a837') in 0.018504 seconds 
========================================================================
Received Import Request.
  Time since last request: 0.596381 seconds.
  path: Assets/Footsteps - Essentials/Footsteps_Gravel/Footsteps_Gravel_Run/Footsteps_Gravel_Run_04.wav
  artifactKey: Guid(0b8aed54efbbfa946af2f31d3d92f9cd) Importer(815301076,1909f56bfc062723c751e8b465ee728b)
Start importing Assets/Footsteps - Essentials/Footsteps_Gravel/Footsteps_Gravel_Run/Footsteps_Gravel_Run_04.wav using Guid(0b8aed54efbbfa946af2f31d3d92f9cd) Importer(815301076,1909f56bfc062723c751e8b465ee728b)  -> (artifact id: '69a9e7e3f5c49e11b75a53235697c46e') in 0.016131 seconds 
========================================================================
Received Import Request.
  Time since last request: 0.032837 seconds.
  path: Assets/Footsteps - Essentials/Footsteps_Gravel/Footsteps_Gravel_Run/Footsteps_Gravel_Run_08.wav
  artifactKey: Guid(b91418e7e651a5741a14cd31af0f5ba8) Importer(815301076,1909f56bfc062723c751e8b465ee728b)
Start importing Assets/Footsteps - Essentials/Footsteps_Gravel/Footsteps_Gravel_Run/Footsteps_Gravel_Run_08.wav using Guid(b91418e7e651a5741a14cd31af0f5ba8) Importer(815301076,1909f56bfc062723c751e8b465ee728b)  -> (artifact id: '19b49cab81c4ce9556fd6c2836d8dd3e') in 0.019638 seconds 
========================================================================
Received Import Request.
  Time since last request: 0.272450 seconds.
  path: Assets/Footsteps - Essentials/Footsteps_Gravel/Footsteps_Gravel_Walk/Footsteps_Gravel_Walk_04.wav
  artifactKey: Guid(9f96c8d3fef6ab440bdc9bd4ad3d08fe) Importer(815301076,1909f56bfc062723c751e8b465ee728b)
Start importing Assets/Footsteps - Essentials/Footsteps_Gravel/Footsteps_Gravel_Walk/Footsteps_Gravel_Walk_04.wav using Guid(9f96c8d3fef6ab440bdc9bd4ad3d08fe) Importer(815301076,1909f56bfc062723c751e8b465ee728b)  -> (artifact id: '0528925d5cba175d3e4953e5b14a1a86') in 0.020993 seconds 
========================================================================
Received Import Request.
  Time since last request: 0.000017 seconds.
  path: Assets/Footsteps - Essentials/Footsteps_Gravel/Footsteps_Gravel_Walk/Footsteps_Gravel_Walk_07.wav
  artifactKey: Guid(846819fd62ca22b478d33e537cd61c8c) Importer(815301076,1909f56bfc062723c751e8b465ee728b)
Start importing Assets/Footsteps - Essentials/Footsteps_Gravel/Footsteps_Gravel_Walk/Footsteps_Gravel_Walk_07.wav using Guid(846819fd62ca22b478d33e537cd61c8c) Importer(815301076,1909f56bfc062723c751e8b465ee728b)  -> (artifact id: 'c71ff928a979da40600525f34f785f3a') in 0.019377 seconds 
========================================================================
Received Import Request.
  Time since last request: 0.538704 seconds.
  path: Assets/Footsteps - Essentials/Footsteps_Gravel/Footsteps_Gravel_Jump/Footsteps_Jump_Land_02.wav
  artifactKey: Guid(baf90d315c62c1648ba2901ff92db065) Importer(815301076,1909f56bfc062723c751e8b465ee728b)
Start importing Assets/Footsteps - Essentials/Footsteps_Gravel/Footsteps_Gravel_Jump/Footsteps_Jump_Land_02.wav using Guid(baf90d315c62c1648ba2901ff92db065) Importer(815301076,1909f56bfc062723c751e8b465ee728b)  -> (artifact id: '6058d1e21fcbcc82a8607012da0e855c') in 0.017861 seconds 
========================================================================
Received Import Request.
  Time since last request: 0.027294 seconds.
  path: Assets/Footsteps - Essentials/Footsteps_Gravel/Footsteps_Gravel_Jump/Footsteps_Jump_Start_03.wav
  artifactKey: Guid(f7d6941d3b847874686c2b6a80ab8a1b) Importer(815301076,1909f56bfc062723c751e8b465ee728b)
Start importing Assets/Footsteps - Essentials/Footsteps_Gravel/Footsteps_Gravel_Jump/Footsteps_Jump_Start_03.wav using Guid(f7d6941d3b847874686c2b6a80ab8a1b) Importer(815301076,1909f56bfc062723c751e8b465ee728b)  -> (artifact id: '560b6565171b5dc0180e670447eee379') in 0.018627 seconds 
========================================================================
Received Import Request.
  Time since last request: 0.941307 seconds.
  path: Assets/Footsteps - Essentials/Footsteps_Leaves/Footsteps_Leaves_Run/Footsteps_Leaves_Run_03.wav
  artifactKey: Guid(5e1dbdb3454a3244d88f4178f8a08a08) Importer(815301076,1909f56bfc062723c751e8b465ee728b)
Start importing Assets/Footsteps - Essentials/Footsteps_Leaves/Footsteps_Leaves_Run/Footsteps_Leaves_Run_03.wav using Guid(5e1dbdb3454a3244d88f4178f8a08a08) Importer(815301076,1909f56bfc062723c751e8b465ee728b)  -> (artifact id: 'cf8b0a48221ccf0e5f6d2e53e8fa2d42') in 0.018695 seconds 
========================================================================
Received Import Request.
  Time since last request: 0.472639 seconds.
  path: Assets/Footsteps - Essentials/Footsteps_Leaves/Footsteps_Leaves_Walk/Footsteps_Leaves_Walk_04.wav
  artifactKey: Guid(7b0242fe2eb831e4cbf3bada890a9dcd) Importer(815301076,1909f56bfc062723c751e8b465ee728b)
Start importing Assets/Footsteps - Essentials/Footsteps_Leaves/Footsteps_Leaves_Walk/Footsteps_Leaves_Walk_04.wav using Guid(7b0242fe2eb831e4cbf3bada890a9dcd) Importer(815301076,1909f56bfc062723c751e8b465ee728b)  -> (artifact id: 'd304dd6bb748d851eec2b5dd816790bc') in 0.019774 seconds 
========================================================================
Received Import Request.
  Time since last request: 0.994882 seconds.
  path: Assets/Footsteps - Essentials/Footsteps_Metal/Footsteps_Metal_Jump/Footsteps_MetalV1_Jump_Start_02.wav
  artifactKey: Guid(d22035de002018b44bc76a915efcba10) Importer(815301076,1909f56bfc062723c751e8b465ee728b)
Start importing Assets/Footsteps - Essentials/Footsteps_Metal/Footsteps_Metal_Jump/Footsteps_MetalV1_Jump_Start_02.wav using Guid(d22035de002018b44bc76a915efcba10) Importer(815301076,1909f56bfc062723c751e8b465ee728b)  -> (artifact id: 'bb0cc1fd78a73fb1342d460849f461c3') in 0.020120 seconds 
========================================================================
Received Import Request.
  Time since last request: 0.000021 seconds.
  path: Assets/Footsteps - Essentials/Footsteps_Metal/Footsteps_Metal_Run/Footsteps_MetalV1_Run_02.wav
  artifactKey: Guid(5e8e6e435e65fe146b588b8a9d2df461) Importer(815301076,1909f56bfc062723c751e8b465ee728b)
Start importing Assets/Footsteps - Essentials/Footsteps_Metal/Footsteps_Metal_Run/Footsteps_MetalV1_Run_02.wav using Guid(5e8e6e435e65fe146b588b8a9d2df461) Importer(815301076,1909f56bfc062723c751e8b465ee728b)  -> (artifact id: '68b4b1f910dbaa095a63d453f59e2a9c') in 0.020703 seconds 
========================================================================
Received Import Request.
  Time since last request: 0.007251 seconds.
  path: Assets/Footsteps - Essentials/Footsteps_Metal/Footsteps_Metal_Run/Footsteps_MetalV1_Run_07.wav
  artifactKey: Guid(b16b005ddc0977b4aa402b5abce3205f) Importer(815301076,1909f56bfc062723c751e8b465ee728b)
Start importing Assets/Footsteps - Essentials/Footsteps_Metal/Footsteps_Metal_Run/Footsteps_MetalV1_Run_07.wav using Guid(b16b005ddc0977b4aa402b5abce3205f) Importer(815301076,1909f56bfc062723c751e8b465ee728b)  -> (artifact id: '59c40095173bb914c0dc8637f767c254') in 0.020433 seconds 
========================================================================
Received Import Request.
  Time since last request: 0.000025 seconds.
  path: Assets/Footsteps - Essentials/Footsteps_Metal/Footsteps_Metal_Run/Footsteps_MetalV1_Run_09.wav
  artifactKey: Guid(afe5e23d02afb5142bc95bacc1e287c0) Importer(815301076,1909f56bfc062723c751e8b465ee728b)
Start importing Assets/Footsteps - Essentials/Footsteps_Metal/Footsteps_Metal_Run/Footsteps_MetalV1_Run_09.wav using Guid(afe5e23d02afb5142bc95bacc1e287c0) Importer(815301076,1909f56bfc062723c751e8b465ee728b)  -> (artifact id: '15091810cf4549fc3452740494cada0f') in 0.021465 seconds 
========================================================================
Received Import Request.
  Time since last request: 0.000022 seconds.
  path: Assets/Footsteps - Essentials/Footsteps_Metal/Footsteps_Metal_Walk/Footsteps_MetalV1_Walk_06.wav
  artifactKey: Guid(83c58d64f2e240c41b1f2c2885b253a6) Importer(815301076,1909f56bfc062723c751e8b465ee728b)
Start importing Assets/Footsteps - Essentials/Footsteps_Metal/Footsteps_Metal_Walk/Footsteps_MetalV1_Walk_06.wav using Guid(83c58d64f2e240c41b1f2c2885b253a6) Importer(815301076,1909f56bfc062723c751e8b465ee728b)  -> (artifact id: '93e7a096ba2ab669f2661065baedf357') in 0.020996 seconds 
========================================================================
Received Import Request.
  Time since last request: 0.000017 seconds.
  path: Assets/Footsteps - Essentials/Footsteps_Metal/Footsteps_Metal_Jump/Footsteps_MetalV2_Jump_Land_01.wav
  artifactKey: Guid(5e94f3d51023c5446b59f52c71e0cade) Importer(815301076,1909f56bfc062723c751e8b465ee728b)
Start importing Assets/Footsteps - Essentials/Footsteps_Metal/Footsteps_Metal_Jump/Footsteps_MetalV2_Jump_Land_01.wav using Guid(5e94f3d51023c5446b59f52c71e0cade) Importer(815301076,1909f56bfc062723c751e8b465ee728b)  -> (artifact id: 'b7ca8842fb6d466448df6c86fd038617') in 0.019772 seconds 
========================================================================
Received Import Request.
  Time since last request: 0.000019 seconds.
  path: Assets/Footsteps - Essentials/Footsteps_Metal/Footsteps_Metal_Jump/Footsteps_MetalV2_Jump_Start_03.wav
  artifactKey: Guid(e6709cc34e1daa54f9d575a452e0f64e) Importer(815301076,1909f56bfc062723c751e8b465ee728b)
Start importing Assets/Footsteps - Essentials/Footsteps_Metal/Footsteps_Metal_Jump/Footsteps_MetalV2_Jump_Start_03.wav using Guid(e6709cc34e1daa54f9d575a452e0f64e) Importer(815301076,1909f56bfc062723c751e8b465ee728b)  -> (artifact id: '458ccb66aec226afe947dc7aafd160d4') in 0.024836 seconds 
========================================================================
Received Import Request.
  Time since last request: 0.000020 seconds.
  path: Assets/Footsteps - Essentials/Footsteps_Metal/Footsteps_Metal_Run/Footsteps_MetalV2_Run_12.wav
  artifactKey: Guid(90754431c63071d48b2bfa8dc2472b9d) Importer(815301076,1909f56bfc062723c751e8b465ee728b)
Start importing Assets/Footsteps - Essentials/Footsteps_Metal/Footsteps_Metal_Run/Footsteps_MetalV2_Run_12.wav using Guid(90754431c63071d48b2bfa8dc2472b9d) Importer(815301076,1909f56bfc062723c751e8b465ee728b)  -> (artifact id: 'acc3ac2a9f93eafb887bfaf2acc9e9a5') in 0.031282 seconds 
========================================================================
Received Import Request.
  Time since last request: 0.000044 seconds.
  path: Assets/Footsteps - Essentials/Footsteps_Metal/Footsteps_Metal_Walk/Footsteps_MetalV2_Walk_01.wav
  artifactKey: Guid(e5b9a63e11f3a8b4a8fef1eb139cc786) Importer(815301076,1909f56bfc062723c751e8b465ee728b)
Start importing Assets/Footsteps - Essentials/Footsteps_Metal/Footsteps_Metal_Walk/Footsteps_MetalV2_Walk_01.wav using Guid(e5b9a63e11f3a8b4a8fef1eb139cc786) Importer(815301076,1909f56bfc062723c751e8b465ee728b)  -> (artifact id: '9ae2d13193b63cab58382182759053ca') in 0.022919 seconds 
========================================================================
Received Import Request.
  Time since last request: 0.000024 seconds.
  path: Assets/Footsteps - Essentials/Footsteps_Metal/Footsteps_Metal_Run/Footsteps_MetalV2_Run_06.wav
  artifactKey: Guid(6056a660bb0897e4ea25a31889075437) Importer(815301076,1909f56bfc062723c751e8b465ee728b)
Start importing Assets/Footsteps - Essentials/Footsteps_Metal/Footsteps_Metal_Run/Footsteps_MetalV2_Run_06.wav using Guid(6056a660bb0897e4ea25a31889075437) Importer(815301076,1909f56bfc062723c751e8b465ee728b)  -> (artifact id: '4497cea57370d5a1f2ecf2f3f2b8038b') in 0.022173 seconds 
========================================================================
Received Import Request.
  Time since last request: 0.000036 seconds.
  path: Assets/Footsteps - Essentials/Footsteps_Metal/Footsteps_Metal_Walk/Footsteps_MetalV2_Walk_08.wav
  artifactKey: Guid(403d45f89131a5a4f9afe643ccbf4f18) Importer(815301076,1909f56bfc062723c751e8b465ee728b)
Start importing Assets/Footsteps - Essentials/Footsteps_Metal/Footsteps_Metal_Walk/Footsteps_MetalV2_Walk_08.wav using Guid(403d45f89131a5a4f9afe643ccbf4f18) Importer(815301076,1909f56bfc062723c751e8b465ee728b)  -> (artifact id: '7eabbd57bad023e14f0dc1868864e58f') in 0.022478 seconds 
========================================================================
Received Import Request.
  Time since last request: 0.000023 seconds.
  path: Assets/Footsteps - Essentials/Footsteps_Metal/Footsteps_Metal_Run/Footsteps_MetalV2_Run_11.wav
  artifactKey: Guid(642f9eb7b8ea3f14e9fc48dff8f8e34b) Importer(815301076,1909f56bfc062723c751e8b465ee728b)
Start importing Assets/Footsteps - Essentials/Footsteps_Metal/Footsteps_Metal_Run/Footsteps_MetalV2_Run_11.wav using Guid(642f9eb7b8ea3f14e9fc48dff8f8e34b) Importer(815301076,1909f56bfc062723c751e8b465ee728b)  -> (artifact id: 'b86f9b400fbc9567b1d441c8d348d993') in 0.021943 seconds 
========================================================================
Received Import Request.
  Time since last request: 0.000020 seconds.
  path: Assets/Footsteps - Essentials/Footsteps_Metal/Footsteps_Metal_Walk/Footsteps_MetalV2_Walk_03.wav
  artifactKey: Guid(ab66dccbdeb63b5449db73ad92f21711) Importer(815301076,1909f56bfc062723c751e8b465ee728b)
Start importing Assets/Footsteps - Essentials/Footsteps_Metal/Footsteps_Metal_Walk/Footsteps_MetalV2_Walk_03.wav using Guid(ab66dccbdeb63b5449db73ad92f21711) Importer(815301076,1909f56bfc062723c751e8b465ee728b)  -> (artifact id: '504acab0b26de80acbc3e6ff8c45df71') in 0.021838 seconds 
========================================================================
Received Import Request.
  Time since last request: 0.000031 seconds.
  path: Assets/Footsteps - Essentials/Footsteps_Mud/Footsteps_Mud_Jump/Footsteps_Mud_Jump_Land_05.wav
  artifactKey: Guid(26ba84cde900f02408eaef46d1af7811) Importer(815301076,1909f56bfc062723c751e8b465ee728b)
Start importing Assets/Footsteps - Essentials/Footsteps_Mud/Footsteps_Mud_Jump/Footsteps_Mud_Jump_Land_05.wav using Guid(26ba84cde900f02408eaef46d1af7811) Importer(815301076,1909f56bfc062723c751e8b465ee728b)  -> (artifact id: '6299c69a25a0e1fd2f7f0ba97c05e2a6') in 0.019247 seconds 
========================================================================
Received Import Request.
  Time since last request: 0.000018 seconds.
  path: Assets/Footsteps - Essentials/Footsteps_Mud/Footsteps_Mud_Jump/Footsteps_Mud_Jump_Land_02.wav
  artifactKey: Guid(efa8d9408cf5dd1469f24a64eabb7b0d) Importer(815301076,1909f56bfc062723c751e8b465ee728b)
Start importing Assets/Footsteps - Essentials/Footsteps_Mud/Footsteps_Mud_Jump/Footsteps_Mud_Jump_Land_02.wav using Guid(efa8d9408cf5dd1469f24a64eabb7b0d) Importer(815301076,1909f56bfc062723c751e8b465ee728b)  -> (artifact id: '7fea2a5ea150dfb190586fd6b2966e22') in 0.018588 seconds 
========================================================================
Received Import Request.
  Time since last request: 0.000043 seconds.
  path: Assets/Footsteps - Essentials/Footsteps_Metal/Footsteps_Metal_Walk/Footsteps_MetalV2_Walk_15.wav
  artifactKey: Guid(5e0fe368d9a158a46b0fe96e660e78cc) Importer(815301076,1909f56bfc062723c751e8b465ee728b)
Start importing Assets/Footsteps - Essentials/Footsteps_Metal/Footsteps_Metal_Walk/Footsteps_MetalV2_Walk_15.wav using Guid(5e0fe368d9a158a46b0fe96e660e78cc) Importer(815301076,1909f56bfc062723c751e8b465ee728b)  -> (artifact id: 'c57cab9cf67cb8f4462b300db31a4fd4') in 0.019321 seconds 
========================================================================
Received Import Request.
  Time since last request: 0.000021 seconds.
  path: Assets/Footsteps - Essentials/Footsteps_Metal/Footsteps_Metal_Walk/Footsteps_MetalV2_Walk_05.wav
  artifactKey: Guid(d2b2858ce5c7ca9428bfd0e424d5a82d) Importer(815301076,1909f56bfc062723c751e8b465ee728b)
Start importing Assets/Footsteps - Essentials/Footsteps_Metal/Footsteps_Metal_Walk/Footsteps_MetalV2_Walk_05.wav using Guid(d2b2858ce5c7ca9428bfd0e424d5a82d) Importer(815301076,1909f56bfc062723c751e8b465ee728b)  -> (artifact id: '007085d3ad584e6bf45d74ef9252259d') in 0.019839 seconds 
========================================================================
Received Import Request.
  Time since last request: 0.000026 seconds.
  path: Assets/Footsteps - Essentials/Footsteps_Metal/Footsteps_Metal_Walk/Footsteps_MetalV1_Walk_03.wav
  artifactKey: Guid(2f949b40b7283404099a802630fb2077) Importer(815301076,1909f56bfc062723c751e8b465ee728b)
Start importing Assets/Footsteps - Essentials/Footsteps_Metal/Footsteps_Metal_Walk/Footsteps_MetalV1_Walk_03.wav using Guid(2f949b40b7283404099a802630fb2077) Importer(815301076,1909f56bfc062723c751e8b465ee728b)  -> (artifact id: '53384f728425719e98c021be2831ca82') in 0.020820 seconds 
========================================================================
Received Import Request.
  Time since last request: 0.000019 seconds.
  path: Assets/Footsteps - Essentials/Footsteps_Metal/Footsteps_Metal_Walk/Footsteps_MetalV2_Walk_07.wav
  artifactKey: Guid(48470fafc45f3c04792793e1005e62e9) Importer(815301076,1909f56bfc062723c751e8b465ee728b)
Start importing Assets/Footsteps - Essentials/Footsteps_Metal/Footsteps_Metal_Walk/Footsteps_MetalV2_Walk_07.wav using Guid(48470fafc45f3c04792793e1005e62e9) Importer(815301076,1909f56bfc062723c751e8b465ee728b)  -> (artifact id: '619e914ac578797ac124dd4fa4b2513d') in 0.018417 seconds 
========================================================================
Received Import Request.
  Time since last request: 0.131875 seconds.
  path: Assets/Footsteps - Essentials/Footsteps_Mud/Footsteps_Mud_Run/Footsteps_Mud_Run_07.wav
  artifactKey: Guid(374c71596ed63e44ca7a07f15ed1ccd7) Importer(815301076,1909f56bfc062723c751e8b465ee728b)
Start importing Assets/Footsteps - Essentials/Footsteps_Mud/Footsteps_Mud_Run/Footsteps_Mud_Run_07.wav using Guid(374c71596ed63e44ca7a07f15ed1ccd7) Importer(815301076,1909f56bfc062723c751e8b465ee728b)  -> (artifact id: '5e02d161a0751c497bfcbd6f5cfbc813') in 0.024162 seconds 
========================================================================
Received Import Request.
  Time since last request: 0.033837 seconds.
  path: Assets/Footsteps - Essentials/Footsteps_Mud/Footsteps_Mud_Walk/Footsteps_Mud_Walk_06.wav
  artifactKey: Guid(6af94a40fed40c44c82de5fb0fa561f2) Importer(815301076,1909f56bfc062723c751e8b465ee728b)
Start importing Assets/Footsteps - Essentials/Footsteps_Mud/Footsteps_Mud_Walk/Footsteps_Mud_Walk_06.wav using Guid(6af94a40fed40c44c82de5fb0fa561f2) Importer(815301076,1909f56bfc062723c751e8b465ee728b)  -> (artifact id: 'a2044378d57ab0bf2ac62ade5a802eff') in 0.022863 seconds 
========================================================================
Received Import Request.
  Time since last request: 0.000021 seconds.
  path: Assets/Footsteps - Essentials/Footsteps_Rock/Footsteps_Rock_Jump/Footsteps_Rock_Jump_Land_04.wav
  artifactKey: Guid(1f080a1e65d584c4ca3e3c75fbb406b3) Importer(815301076,1909f56bfc062723c751e8b465ee728b)
Start importing Assets/Footsteps - Essentials/Footsteps_Rock/Footsteps_Rock_Jump/Footsteps_Rock_Jump_Land_04.wav using Guid(1f080a1e65d584c4ca3e3c75fbb406b3) Importer(815301076,1909f56bfc062723c751e8b465ee728b)  -> (artifact id: 'f8c223d160d4dcdb4ef3605686ad6f36') in 0.022748 seconds 
========================================================================
Received Import Request.
  Time since last request: 0.000029 seconds.
  path: Assets/Footsteps - Essentials/Footsteps_Rock/Footsteps_Rock_Jump/Footsteps_Rock_Jump_Land_03.wav
  artifactKey: Guid(b796f7e3b1a4d7344b7ee8d6c077a68f) Importer(815301076,1909f56bfc062723c751e8b465ee728b)
Start importing Assets/Footsteps - Essentials/Footsteps_Rock/Footsteps_Rock_Jump/Footsteps_Rock_Jump_Land_03.wav using Guid(b796f7e3b1a4d7344b7ee8d6c077a68f) Importer(815301076,1909f56bfc062723c751e8b465ee728b)  -> (artifact id: '10c2f022bc17a12592f1a47ba1a6829d') in 0.021614 seconds 
========================================================================
Received Import Request.
  Time since last request: 0.000017 seconds.
  path: Assets/Footsteps - Essentials/Footsteps_Rock/Footsteps_Rock_Run/Footsteps_Rock_Run_03.wav
  artifactKey: Guid(7b4b6eb734482064c8c1e5fd45d4d76c) Importer(815301076,1909f56bfc062723c751e8b465ee728b)
Start importing Assets/Footsteps - Essentials/Footsteps_Rock/Footsteps_Rock_Run/Footsteps_Rock_Run_03.wav using Guid(7b4b6eb734482064c8c1e5fd45d4d76c) Importer(815301076,1909f56bfc062723c751e8b465ee728b)  -> (artifact id: '2cfc49f4a9332baf6bfb0bde88573f34') in 0.025369 seconds 
========================================================================
Received Import Request.
  Time since last request: 0.000017 seconds.
  path: Assets/Footsteps - Essentials/Footsteps_Rock/Footsteps_Rock_Jump/Footsteps_Rock_Jump_Start_05.wav
  artifactKey: Guid(322f3dcfdbd5b5742a885bfbc4fe5365) Importer(815301076,1909f56bfc062723c751e8b465ee728b)
Start importing Assets/Footsteps - Essentials/Footsteps_Rock/Footsteps_Rock_Jump/Footsteps_Rock_Jump_Start_05.wav using Guid(322f3dcfdbd5b5742a885bfbc4fe5365) Importer(815301076,1909f56bfc062723c751e8b465ee728b)  -> (artifact id: '96416f51d7dfc0d560396950dc2ee1c6') in 0.020486 seconds 
========================================================================
Received Import Request.
  Time since last request: 0.000026 seconds.
  path: Assets/Footsteps - Essentials/Footsteps_Rock/Footsteps_Rock_Run/Footsteps_Rock_Run_06.wav
  artifactKey: Guid(281c105661e5ee14b8e76523200338bd) Importer(815301076,1909f56bfc062723c751e8b465ee728b)
Start importing Assets/Footsteps - Essentials/Footsteps_Rock/Footsteps_Rock_Run/Footsteps_Rock_Run_06.wav using Guid(281c105661e5ee14b8e76523200338bd) Importer(815301076,1909f56bfc062723c751e8b465ee728b)  -> (artifact id: '903783785dd7f4ae86846276fcaf41d9') in 0.018246 seconds 
========================================================================
Received Import Request.
  Time since last request: 0.000021 seconds.
  path: Assets/Footsteps - Essentials/Footsteps_Rock/Footsteps_Rock_Jump/Footsteps_Rock_Jump_Start_04.wav
  artifactKey: Guid(caceea3cf407e1b47a4024a755887675) Importer(815301076,1909f56bfc062723c751e8b465ee728b)
Start importing Assets/Footsteps - Essentials/Footsteps_Rock/Footsteps_Rock_Jump/Footsteps_Rock_Jump_Start_04.wav using Guid(caceea3cf407e1b47a4024a755887675) Importer(815301076,1909f56bfc062723c751e8b465ee728b)  -> (artifact id: 'e897a6849bbf45c0ffa233e0f4a4f3ff') in 0.018360 seconds 
========================================================================
Received Import Request.
  Time since last request: 0.007656 seconds.
  path: Assets/Footsteps - Essentials/Footsteps_Rock/Footsteps_Rock_Walk/Footsteps_Rock_Walk_01.wav
  artifactKey: Guid(1f0199a4c6005ec4abbb302f71bc036d) Importer(815301076,1909f56bfc062723c751e8b465ee728b)
Start importing Assets/Footsteps - Essentials/Footsteps_Rock/Footsteps_Rock_Walk/Footsteps_Rock_Walk_01.wav using Guid(1f0199a4c6005ec4abbb302f71bc036d) Importer(815301076,1909f56bfc062723c751e8b465ee728b)  -> (artifact id: 'a3f9eeddf8c114924ab2ed8a012797af') in 0.017685 seconds 
========================================================================
Received Import Request.
  Time since last request: 0.000017 seconds.
  path: Assets/Footsteps - Essentials/Footsteps_Rock/Footsteps_Rock_Walk/Footsteps_Rock_Walk_04.wav
  artifactKey: Guid(7187dc81f98b8be4eb97bfc4dd9a5abf) Importer(815301076,1909f56bfc062723c751e8b465ee728b)
Start importing Assets/Footsteps - Essentials/Footsteps_Rock/Footsteps_Rock_Walk/Footsteps_Rock_Walk_04.wav using Guid(7187dc81f98b8be4eb97bfc4dd9a5abf) Importer(815301076,1909f56bfc062723c751e8b465ee728b)  -> (artifact id: '291660a20cc018825d61e9998e06a3af') in 0.033540 seconds 
========================================================================
Received Import Request.
  Time since last request: 0.001488 seconds.
  path: Assets/Footsteps - Essentials/Footsteps_Rock/Footsteps_Rock_Walk/Footsteps_Rock_Walk_08.wav
  artifactKey: Guid(1a7741daba5446e46a40f8074aae75dc) Importer(815301076,1909f56bfc062723c751e8b465ee728b)
Start importing Assets/Footsteps - Essentials/Footsteps_Rock/Footsteps_Rock_Walk/Footsteps_Rock_Walk_08.wav using Guid(1a7741daba5446e46a40f8074aae75dc) Importer(815301076,1909f56bfc062723c751e8b465ee728b)  -> (artifact id: '14ae341ac28dbfbcf42ece6863e14a4e') in 0.020857 seconds 
========================================================================
Received Import Request.
  Time since last request: 0.013739 seconds.
  path: Assets/Footsteps - Essentials/Footsteps_Sand/Footsteps_Sand_Jump/Footsteps_Sand_Jump_Land_03.wav
  artifactKey: Guid(e5f9c2116d87f5a46a40ce04919d2dcc) Importer(815301076,1909f56bfc062723c751e8b465ee728b)
Start importing Assets/Footsteps - Essentials/Footsteps_Sand/Footsteps_Sand_Jump/Footsteps_Sand_Jump_Land_03.wav using Guid(e5f9c2116d87f5a46a40ce04919d2dcc) Importer(815301076,1909f56bfc062723c751e8b465ee728b)  -> (artifact id: '27de5e0598c1b156f4f93d110b460eea') in 0.021088 seconds 
========================================================================
Received Import Request.
  Time since last request: 0.000016 seconds.
  path: Assets/Footsteps - Essentials/Footsteps_Sand/Footsteps_Sand_Jump/Footsteps_Sand_Jump_Start_05.wav
  artifactKey: Guid(e161741de42dca1428e352cf4e26b50f) Importer(815301076,1909f56bfc062723c751e8b465ee728b)
Start importing Assets/Footsteps - Essentials/Footsteps_Sand/Footsteps_Sand_Jump/Footsteps_Sand_Jump_Start_05.wav using Guid(e161741de42dca1428e352cf4e26b50f) Importer(815301076,1909f56bfc062723c751e8b465ee728b)  -> (artifact id: 'e5092fc6d473bf19e39c35a6cf6aa243') in 0.022528 seconds 
========================================================================
Received Import Request.
  Time since last request: 0.000026 seconds.
  path: Assets/Footsteps - Essentials/Footsteps_Sand/Footsteps_Sand_Jump/Footsteps_Sand_Jump_Start_01.wav
  artifactKey: Guid(b120cc7d7055a284ea89422d100043e0) Importer(815301076,1909f56bfc062723c751e8b465ee728b)
Start importing Assets/Footsteps - Essentials/Footsteps_Sand/Footsteps_Sand_Jump/Footsteps_Sand_Jump_Start_01.wav using Guid(b120cc7d7055a284ea89422d100043e0) Importer(815301076,1909f56bfc062723c751e8b465ee728b)  -> (artifact id: '5a135b04939eb146a1737b52e456da64') in 0.019798 seconds 
========================================================================
Received Import Request.
  Time since last request: 0.000028 seconds.
  path: Assets/Footsteps - Essentials/Footsteps_Sand/Footsteps_Sand_Jump/Footsteps_Sand_Jump_Start_02.wav
  artifactKey: Guid(64a62780b84db9645b00e69eb0621928) Importer(815301076,1909f56bfc062723c751e8b465ee728b)
Start importing Assets/Footsteps - Essentials/Footsteps_Sand/Footsteps_Sand_Jump/Footsteps_Sand_Jump_Start_02.wav using Guid(64a62780b84db9645b00e69eb0621928) Importer(815301076,1909f56bfc062723c751e8b465ee728b)  -> (artifact id: '99fb414d863e140774efe15c13ad9020') in 0.021393 seconds 
========================================================================
Received Import Request.
  Time since last request: 0.000026 seconds.
  path: Assets/Footsteps - Essentials/Footsteps_Sand/Footsteps_Sand_Run/Footsteps_Sand_Run_11.wav
  artifactKey: Guid(add3298d47405fd4da3a313bbc049fe2) Importer(815301076,1909f56bfc062723c751e8b465ee728b)
Start importing Assets/Footsteps - Essentials/Footsteps_Sand/Footsteps_Sand_Run/Footsteps_Sand_Run_11.wav using Guid(add3298d47405fd4da3a313bbc049fe2) Importer(815301076,1909f56bfc062723c751e8b465ee728b)  -> (artifact id: '6003ba828db15800872c20cb303e7092') in 0.022239 seconds 
========================================================================
Received Import Request.
  Time since last request: 0.000023 seconds.
  path: Assets/Footsteps - Essentials/Footsteps_Sand/Footsteps_Sand_Run/Footsteps_Sand_Run_12.wav
  artifactKey: Guid(826b5ab8735d6ff4c9e018ef29045829) Importer(815301076,1909f56bfc062723c751e8b465ee728b)
Start importing Assets/Footsteps - Essentials/Footsteps_Sand/Footsteps_Sand_Run/Footsteps_Sand_Run_12.wav using Guid(826b5ab8735d6ff4c9e018ef29045829) Importer(815301076,1909f56bfc062723c751e8b465ee728b)  -> (artifact id: '9797ec3894e7f4fad99889737b930918') in 0.020494 seconds 
========================================================================
Received Import Request.
  Time since last request: 0.014191 seconds.
  path: Assets/Footsteps - Essentials/Footsteps_Sand/Footsteps_Sand_Run/Footsteps_Sand_Run_16.wav
  artifactKey: Guid(466266db15b02104584d921885bcaa8a) Importer(815301076,1909f56bfc062723c751e8b465ee728b)
Start importing Assets/Footsteps - Essentials/Footsteps_Sand/Footsteps_Sand_Run/Footsteps_Sand_Run_16.wav using Guid(466266db15b02104584d921885bcaa8a) Importer(815301076,1909f56bfc062723c751e8b465ee728b)  -> (artifact id: 'f6a258bf94689a9f4c2acae44baef16a') in 0.018859 seconds 
========================================================================
Received Import Request.
  Time since last request: 0.020527 seconds.
  path: Assets/Footsteps - Essentials/Footsteps_Sand/Footsteps_Sand_Run/Footsteps_Sand_Run_19.wav
  artifactKey: Guid(4ca3f7b75bbc47c45a464277174030a4) Importer(815301076,1909f56bfc062723c751e8b465ee728b)
Start importing Assets/Footsteps - Essentials/Footsteps_Sand/Footsteps_Sand_Run/Footsteps_Sand_Run_19.wav using Guid(4ca3f7b75bbc47c45a464277174030a4) Importer(815301076,1909f56bfc062723c751e8b465ee728b)  -> (artifact id: 'e34b2558e34451e71ea461b31130526c') in 0.018864 seconds 
========================================================================
Received Import Request.
  Time since last request: 0.000017 seconds.
  path: Assets/Footsteps - Essentials/Footsteps_Sand/Footsteps_Sand_Walk/Footsteps_Sand_Walk_06.wav
  artifactKey: Guid(27c1afdeb55574a48831d6f430f1cbac) Importer(815301076,1909f56bfc062723c751e8b465ee728b)
Start importing Assets/Footsteps - Essentials/Footsteps_Sand/Footsteps_Sand_Walk/Footsteps_Sand_Walk_06.wav using Guid(27c1afdeb55574a48831d6f430f1cbac) Importer(815301076,1909f56bfc062723c751e8b465ee728b)  -> (artifact id: '68432c8f2889e3c8080ae7d0901aa21d') in 0.022975 seconds 
========================================================================
Received Import Request.
  Time since last request: 0.000024 seconds.
  path: Assets/Footsteps - Essentials/Footsteps_Sand/Footsteps_Sand_Walk/Footsteps_Sand_Walk_07.wav
  artifactKey: Guid(3bf9975566f9cd847977ed3ebb6fd3e3) Importer(815301076,1909f56bfc062723c751e8b465ee728b)
Start importing Assets/Footsteps - Essentials/Footsteps_Sand/Footsteps_Sand_Walk/Footsteps_Sand_Walk_07.wav using Guid(3bf9975566f9cd847977ed3ebb6fd3e3) Importer(815301076,1909f56bfc062723c751e8b465ee728b)  -> (artifact id: 'f63c93e8951e4455d4fda0829632a1ba') in 0.021762 seconds 
========================================================================
Received Import Request.
  Time since last request: 0.000019 seconds.
  path: Assets/Footsteps - Essentials/Footsteps_Sand/Footsteps_Sand_Walk/Footsteps_Sand_Walk_11.wav
  artifactKey: Guid(8bf91c27647502141bb5335b3069b330) Importer(815301076,1909f56bfc062723c751e8b465ee728b)
Start importing Assets/Footsteps - Essentials/Footsteps_Sand/Footsteps_Sand_Walk/Footsteps_Sand_Walk_11.wav using Guid(8bf91c27647502141bb5335b3069b330) Importer(815301076,1909f56bfc062723c751e8b465ee728b)  -> (artifact id: '747e734bb9c8cecd5ca5364c8bfd946c') in 0.020221 seconds 
========================================================================
Received Import Request.
  Time since last request: 0.000019 seconds.
  path: Assets/Footsteps - Essentials/Footsteps_Sand/Footsteps_Sand_Walk/Footsteps_Sand_Walk_17.wav
  artifactKey: Guid(8544d587993061e41b943669b11c357d) Importer(815301076,1909f56bfc062723c751e8b465ee728b)
Start importing Assets/Footsteps - Essentials/Footsteps_Sand/Footsteps_Sand_Walk/Footsteps_Sand_Walk_17.wav using Guid(8544d587993061e41b943669b11c357d) Importer(815301076,1909f56bfc062723c751e8b465ee728b)  -> (artifact id: '2b8d3f8a2ec6ae469c00ebde98761713') in 0.021246 seconds 
========================================================================
Received Import Request.
  Time since last request: 0.000020 seconds.
  path: Assets/Footsteps - Essentials/Footsteps_Snow/Footsteps_Snow_Jump/Footsteps_Snow_Hard_Jump_Land_03.wav
  artifactKey: Guid(a61b7ab6f7e2e02448092c5fd131df52) Importer(815301076,1909f56bfc062723c751e8b465ee728b)
Start importing Assets/Footsteps - Essentials/Footsteps_Snow/Footsteps_Snow_Jump/Footsteps_Snow_Hard_Jump_Land_03.wav using Guid(a61b7ab6f7e2e02448092c5fd131df52) Importer(815301076,1909f56bfc062723c751e8b465ee728b)  -> (artifact id: '426cc546d6f06a04637cca1013b62139') in 0.021427 seconds 
========================================================================
Received Import Request.
  Time since last request: 0.000018 seconds.
  path: Assets/Footsteps - Essentials/Footsteps_Snow/Footsteps_Snow_Jump/Footsteps_Snow_Hard_Jump_Start_03.wav
  artifactKey: Guid(158dda579f2238949af5b31b76fc9fb3) Importer(815301076,1909f56bfc062723c751e8b465ee728b)
Start importing Assets/Footsteps - Essentials/Footsteps_Snow/Footsteps_Snow_Jump/Footsteps_Snow_Hard_Jump_Start_03.wav using Guid(158dda579f2238949af5b31b76fc9fb3) Importer(815301076,1909f56bfc062723c751e8b465ee728b)  -> (artifact id: '4b8ca1530bbd01f73fd4a8d267f75755') in 0.021123 seconds 
========================================================================
Received Import Request.
  Time since last request: 0.000031 seconds.
  path: Assets/Footsteps - Essentials/Footsteps_Sand/Footsteps_Sand_Walk/Footsteps_Sand_Walk_03.wav
  artifactKey: Guid(752adf85de15e284ebf55d376e1f4276) Importer(815301076,1909f56bfc062723c751e8b465ee728b)
Start importing Assets/Footsteps - Essentials/Footsteps_Sand/Footsteps_Sand_Walk/Footsteps_Sand_Walk_03.wav using Guid(752adf85de15e284ebf55d376e1f4276) Importer(815301076,1909f56bfc062723c751e8b465ee728b)  -> (artifact id: '11a879e84b76fffb351ac049da072160') in 0.019797 seconds 
========================================================================
Received Import Request.
  Time since last request: 0.000042 seconds.
  path: Assets/Footsteps - Essentials/Footsteps_Snow/Footsteps_Snow_Run/Footsteps_Snow_Hard_Run_02.wav
  artifactKey: Guid(2518f7ac3fb5c094eb7f3494547dca64) Importer(815301076,1909f56bfc062723c751e8b465ee728b)
Start importing Assets/Footsteps - Essentials/Footsteps_Snow/Footsteps_Snow_Run/Footsteps_Snow_Hard_Run_02.wav using Guid(2518f7ac3fb5c094eb7f3494547dca64) Importer(815301076,1909f56bfc062723c751e8b465ee728b)  -> (artifact id: '2c68e8be6e9f725079d22369defdefde') in 0.021933 seconds 
========================================================================
Received Import Request.
  Time since last request: 0.000028 seconds.
  path: Assets/Footsteps - Essentials/Footsteps_Snow/Footsteps_Snow_Run/Footsteps_Snow_Hard_Run_04.wav
  artifactKey: Guid(1117ec3a4264b0a4998eda9efc588d34) Importer(815301076,1909f56bfc062723c751e8b465ee728b)
Start importing Assets/Footsteps - Essentials/Footsteps_Snow/Footsteps_Snow_Run/Footsteps_Snow_Hard_Run_04.wav using Guid(1117ec3a4264b0a4998eda9efc588d34) Importer(815301076,1909f56bfc062723c751e8b465ee728b)  -> (artifact id: '9979f7a1015dc57f6451f03675711cb9') in 0.019026 seconds 
========================================================================
Received Import Request.
  Time since last request: 0.030589 seconds.
  path: Assets/Footsteps - Essentials/Footsteps_Snow/Footsteps_Snow_Run/Footsteps_Snow_Hard_Run_07.wav
  artifactKey: Guid(d353df4fd68f2884488c5e7cbe1ebcb2) Importer(815301076,1909f56bfc062723c751e8b465ee728b)
Start importing Assets/Footsteps - Essentials/Footsteps_Snow/Footsteps_Snow_Run/Footsteps_Snow_Hard_Run_07.wav using Guid(d353df4fd68f2884488c5e7cbe1ebcb2) Importer(815301076,1909f56bfc062723c751e8b465ee728b)  -> (artifact id: '7b1f1931cd55014c04745139e35de4a0') in 0.020241 seconds 
========================================================================
Received Import Request.
  Time since last request: 0.000017 seconds.
  path: Assets/Footsteps - Essentials/Footsteps_Snow/Footsteps_Snow_Walk/Footsteps_Snow_Hard_Walk_02.wav
  artifactKey: Guid(d82fc2cd4d9eb384ba34b3dc326990d9) Importer(815301076,1909f56bfc062723c751e8b465ee728b)
Start importing Assets/Footsteps - Essentials/Footsteps_Snow/Footsteps_Snow_Walk/Footsteps_Snow_Hard_Walk_02.wav using Guid(d82fc2cd4d9eb384ba34b3dc326990d9) Importer(815301076,1909f56bfc062723c751e8b465ee728b)  -> (artifact id: '3ce90a192cf777d8e5d7335b129fcb24') in 0.020959 seconds 
========================================================================
Received Import Request.
  Time since last request: 0.017156 seconds.
  path: Assets/Footsteps - Essentials/Footsteps_Snow/Footsteps_Snow_Walk/Footsteps_Snow_Hard_Walk_05.wav
  artifactKey: Guid(50dae6ac2eee7894fb8b48c192a50802) Importer(815301076,1909f56bfc062723c751e8b465ee728b)
Start importing Assets/Footsteps - Essentials/Footsteps_Snow/Footsteps_Snow_Walk/Footsteps_Snow_Hard_Walk_05.wav using Guid(50dae6ac2eee7894fb8b48c192a50802) Importer(815301076,1909f56bfc062723c751e8b465ee728b)  -> (artifact id: '239e67652d68ccd0756a1065a0f60b12') in 0.018161 seconds 
========================================================================
Received Import Request.
  Time since last request: 0.208553 seconds.
  path: Assets/Footsteps - Essentials/Footsteps_Snow/Footsteps_Snow_Jump/Footsteps_Snow_Jump_Land_02.wav
  artifactKey: Guid(2d59a6a98991e964ebb879bed14e8b9c) Importer(815301076,1909f56bfc062723c751e8b465ee728b)
Start importing Assets/Footsteps - Essentials/Footsteps_Snow/Footsteps_Snow_Jump/Footsteps_Snow_Jump_Land_02.wav using Guid(2d59a6a98991e964ebb879bed14e8b9c) Importer(815301076,1909f56bfc062723c751e8b465ee728b)  -> (artifact id: 'f9b7bd8ae76eeffbe6c44c317125d317') in 0.021886 seconds 
========================================================================
Received Import Request.
  Time since last request: 0.069879 seconds.
  path: Assets/Footsteps - Essentials/Footsteps_Snow/Footsteps_Snow_Jump/Footsteps_Snow_Jump_Start_04.wav
  artifactKey: Guid(9da340c0b94731d4887cfa136e57ff09) Importer(815301076,1909f56bfc062723c751e8b465ee728b)
Start importing Assets/Footsteps - Essentials/Footsteps_Snow/Footsteps_Snow_Jump/Footsteps_Snow_Jump_Start_04.wav using Guid(9da340c0b94731d4887cfa136e57ff09) Importer(815301076,1909f56bfc062723c751e8b465ee728b)  -> (artifact id: 'b0a2cdbf6b981b827f429cc3704c9563') in 0.017969 seconds 
========================================================================
Received Import Request.
  Time since last request: 0.000023 seconds.
  path: Assets/Footsteps - Essentials/Footsteps_Snow/Footsteps_Snow_Run/Footsteps_Snow_Run_01.wav
  artifactKey: Guid(ba6dc99376c85b4468a50ff05f135162) Importer(815301076,1909f56bfc062723c751e8b465ee728b)
Start importing Assets/Footsteps - Essentials/Footsteps_Snow/Footsteps_Snow_Run/Footsteps_Snow_Run_01.wav using Guid(ba6dc99376c85b4468a50ff05f135162) Importer(815301076,1909f56bfc062723c751e8b465ee728b)  -> (artifact id: '3dd367e5d62acc83074044b381dc7568') in 0.021177 seconds 
========================================================================
Received Import Request.
  Time since last request: 0.000020 seconds.
  path: Assets/Footsteps - Essentials/Footsteps_Snow/Footsteps_Snow_Run/Footsteps_Snow_Run_05.wav
  artifactKey: Guid(35f5fb2541d6e124ba5e61b1b007a300) Importer(815301076,1909f56bfc062723c751e8b465ee728b)
Start importing Assets/Footsteps - Essentials/Footsteps_Snow/Footsteps_Snow_Run/Footsteps_Snow_Run_05.wav using Guid(35f5fb2541d6e124ba5e61b1b007a300) Importer(815301076,1909f56bfc062723c751e8b465ee728b)  -> (artifact id: '450257ba018ff62053332b868a689e4c') in 0.024093 seconds 
========================================================================
Received Import Request.
  Time since last request: 0.000024 seconds.
  path: Assets/Footsteps - Essentials/Footsteps_Snow/Footsteps_Snow_Walk/Footsteps_Snow_Walk_01.wav
  artifactKey: Guid(3c1967f6644f7ee4cb90dd9da24dd7da) Importer(815301076,1909f56bfc062723c751e8b465ee728b)
Start importing Assets/Footsteps - Essentials/Footsteps_Snow/Footsteps_Snow_Walk/Footsteps_Snow_Walk_01.wav using Guid(3c1967f6644f7ee4cb90dd9da24dd7da) Importer(815301076,1909f56bfc062723c751e8b465ee728b)  -> (artifact id: '2b628dfe9e4b8f78726cc21ecace5826') in 0.021724 seconds 
========================================================================
Received Import Request.
  Time since last request: 0.000023 seconds.
  path: Assets/Footsteps - Essentials/Footsteps_Snow/Footsteps_Snow_Walk/Footsteps_Snow_Walk_06.wav
  artifactKey: Guid(3274935aa2ffdd543aea4fec89c08188) Importer(815301076,1909f56bfc062723c751e8b465ee728b)
Start importing Assets/Footsteps - Essentials/Footsteps_Snow/Footsteps_Snow_Walk/Footsteps_Snow_Walk_06.wav using Guid(3274935aa2ffdd543aea4fec89c08188) Importer(815301076,1909f56bfc062723c751e8b465ee728b)  -> (artifact id: 'cadac6e09ffa634c1afa283fc22d5180') in 0.022630 seconds 
========================================================================
Received Import Request.
  Time since last request: 0.000030 seconds.
  path: Assets/Footsteps - Essentials/Footsteps_Snow/Footsteps_Snow_Run/Footsteps_Snow_Run_08.wav
  artifactKey: Guid(32074fca44eace649a885ce0e7f5aaaf) Importer(815301076,1909f56bfc062723c751e8b465ee728b)
Start importing Assets/Footsteps - Essentials/Footsteps_Snow/Footsteps_Snow_Run/Footsteps_Snow_Run_08.wav using Guid(32074fca44eace649a885ce0e7f5aaaf) Importer(815301076,1909f56bfc062723c751e8b465ee728b)  -> (artifact id: 'a4dc895a4269e822b180a2be344b5953') in 0.022143 seconds 
========================================================================
Received Import Request.
  Time since last request: 2.632499 seconds.
  path: Assets/Footsteps - Essentials/Footsteps_Tile/Footsteps_Tile_Jump/Footsteps_Tile_Jump_Land_03.wav
  artifactKey: Guid(f65b8caedf0c89b4c9f6ea1408f5e362) Importer(815301076,1909f56bfc062723c751e8b465ee728b)
Start importing Assets/Footsteps - Essentials/Footsteps_Tile/Footsteps_Tile_Jump/Footsteps_Tile_Jump_Land_03.wav using Guid(f65b8caedf0c89b4c9f6ea1408f5e362) Importer(815301076,1909f56bfc062723c751e8b465ee728b)  -> (artifact id: '91b6f26f1b00f2b6f778197149aa2324') in 0.017500 seconds 
========================================================================
Received Import Request.
  Time since last request: 0.024061 seconds.
  path: Assets/Footsteps - Essentials/Footsteps_Tile/Footsteps_Tile_Jump/Footsteps_Tile_Jump_Start_03.wav
  artifactKey: Guid(a465f4e2a2f3a354f927f77994a68a08) Importer(815301076,1909f56bfc062723c751e8b465ee728b)
Start importing Assets/Footsteps - Essentials/Footsteps_Tile/Footsteps_Tile_Jump/Footsteps_Tile_Jump_Start_03.wav using Guid(a465f4e2a2f3a354f927f77994a68a08) Importer(815301076,1909f56bfc062723c751e8b465ee728b)  -> (artifact id: 'dad10df59ca82fac5e4518775621a76c') in 0.018905 seconds 
========================================================================
Received Import Request.
  Time since last request: 0.199508 seconds.
  path: Assets/Footsteps - Essentials/Footsteps_Tile/Footsteps_Tile_Run/Footsteps_Tile_Run_05.wav
  artifactKey: Guid(8c2c6c300bd8fc441878f426377bec64) Importer(815301076,1909f56bfc062723c751e8b465ee728b)
Start importing Assets/Footsteps - Essentials/Footsteps_Tile/Footsteps_Tile_Run/Footsteps_Tile_Run_05.wav using Guid(8c2c6c300bd8fc441878f426377bec64) Importer(815301076,1909f56bfc062723c751e8b465ee728b)  -> (artifact id: '3ae513c0c01cb64264f2f4b06fa7bdb5') in 0.022210 seconds 
========================================================================
Received Import Request.
  Time since last request: 0.033588 seconds.
  path: Assets/Footsteps - Essentials/Footsteps_Tile/Footsteps_Tile_Walk/Footsteps_Tile_Walk_03.wav
  artifactKey: Guid(0909de896e9029541b92ae05fe15e4b6) Importer(815301076,1909f56bfc062723c751e8b465ee728b)
Start importing Assets/Footsteps - Essentials/Footsteps_Tile/Footsteps_Tile_Walk/Footsteps_Tile_Walk_03.wav using Guid(0909de896e9029541b92ae05fe15e4b6) Importer(815301076,1909f56bfc062723c751e8b465ee728b)  -> (artifact id: '45b87cbe5827df080062f3c8cf07cea7') in 0.023188 seconds 
Editor requested this worker to shutdown with reason: Scaling down because of idle timeout
AssetImportWorker is now disconnected from the server
Process exiting
Exiting without the bug reporter. Application will terminate with return code 0